2014-08-20 15:56:37.9721 ERROR System.NullReferenceException: Nesne baþvurusu bir nesnenin örneðine ayarlanmadý.
   konum: KBVault.Web.Helpers.KbVaultLuceneHelper.ParseQuery(String searchQuery, QueryParser parser) e:\src\GitRepo\kiln\OpenSource\kbvault\KBVault.Web\Helpers\KbVaultLuceneHelper.cs içinde: satýr 67
   konum: KBVault.Web.Helpers.KbVaultLuceneHelper.DoSearch(String text, Int32 page, Int32 resultCount) e:\src\GitRepo\kiln\OpenSource\kbvault\KBVault.Web\Helpers\KbVaultLuceneHelper.cs içinde: satýr 91
2014-08-20 15:56:38.0081 ERROR System.NullReferenceException: Nesne baþvurusu bir nesnenin örneðine ayarlanmadý.
   konum: KBVault.Web.Helpers.KbVaultLuceneHelper.ParseQuery(String searchQuery, QueryParser parser) e:\src\GitRepo\kiln\OpenSource\kbvault\KBVault.Web\Helpers\KbVaultLuceneHelper.cs içinde: satýr 67
   konum: KBVault.Web.Helpers.KbVaultLuceneHelper.DoSearch(String text, Int32 page, Int32 resultCount) e:\src\GitRepo\kiln\OpenSource\kbvault\KBVault.Web\Helpers\KbVaultLuceneHelper.cs içinde: satýr 112
   konum: KBVault.Web.Controllers.SearchController.Do(SearchFormViewModel model) e:\src\GitRepo\kiln\OpenSource\kbvault\KBVault.Web\Controllers\SearchController.cs içinde: satýr 38
2014-08-20 15:56:52.7166 ERROR System.NullReferenceException: Nesne baþvurusu bir nesnenin örneðine ayarlanmadý.
   konum: KBVault.Web.Helpers.KbVaultLuceneHelper.ParseQuery(String searchQuery, QueryParser parser) e:\src\GitRepo\kiln\OpenSource\kbvault\KBVault.Web\Helpers\KbVaultLuceneHelper.cs içinde: satýr 67
   konum: KBVault.Web.Helpers.KbVaultLuceneHelper.DoSearch(String text, Int32 page, Int32 resultCount) e:\src\GitRepo\kiln\OpenSource\kbvault\KBVault.Web\Helpers\KbVaultLuceneHelper.cs içinde: satýr 91
2014-08-20 15:56:52.7356 ERROR System.NullReferenceException: Nesne baþvurusu bir nesnenin örneðine ayarlanmadý.
   konum: KBVault.Web.Helpers.KbVaultLuceneHelper.ParseQuery(String searchQuery, QueryParser parser) e:\src\GitRepo\kiln\OpenSource\kbvault\KBVault.Web\Helpers\KbVaultLuceneHelper.cs içinde: satýr 67
   konum: KBVault.Web.Helpers.KbVaultLuceneHelper.DoSearch(String text, Int32 page, Int32 resultCount) e:\src\GitRepo\kiln\OpenSource\kbvault\KBVault.Web\Helpers\KbVaultLuceneHelper.cs içinde: satýr 112
   konum: KBVault.Web.Controllers.SearchController.Do(SearchFormViewModel model) e:\src\GitRepo\kiln\OpenSource\kbvault\KBVault.Web\Controllers\SearchController.cs içinde: satýr 38
2014-08-20 15:57:06.2239 ERROR System.NullReferenceException: Nesne baþvurusu bir nesnenin örneðine ayarlanmadý.
   konum: KBVault.Web.Helpers.KbVaultLuceneHelper.ParseQuery(String searchQuery, QueryParser parser) e:\src\GitRepo\kiln\OpenSource\kbvault\KBVault.Web\Helpers\KbVaultLuceneHelper.cs içinde: satýr 67
   konum: KBVault.Web.Helpers.KbVaultLuceneHelper.DoSearch(String text, Int32 page, Int32 resultCount) e:\src\GitRepo\kiln\OpenSource\kbvault\KBVault.Web\Helpers\KbVaultLuceneHelper.cs içinde: satýr 91
2014-08-20 15:57:06.2239 ERROR System.NullReferenceException: Nesne baþvurusu bir nesnenin örneðine ayarlanmadý.
   konum: KBVault.Web.Helpers.KbVaultLuceneHelper.ParseQuery(String searchQuery, QueryParser parser) e:\src\GitRepo\kiln\OpenSource\kbvault\KBVault.Web\Helpers\KbVaultLuceneHelper.cs içinde: satýr 67
   konum: KBVault.Web.Helpers.KbVaultLuceneHelper.DoSearch(String text, Int32 page, Int32 resultCount) e:\src\GitRepo\kiln\OpenSource\kbvault\KBVault.Web\Helpers\KbVaultLuceneHelper.cs içinde: satýr 112
   konum: KBVault.Web.Controllers.SearchController.Do(SearchFormViewModel model) e:\src\GitRepo\kiln\OpenSource\kbvault\KBVault.Web\Controllers\SearchController.cs içinde: satýr 38
2014-08-20 16:10:29.7319 ERROR System.ArgumentException: nDocs must be > 0
   konum: Lucene.Net.Search.IndexSearcher.Search(Weight weight, Filter filter, Int32 nDocs) d:\Lucene.Net\FullRepo\trunk\src\core\Search\IndexSearcher.cs içinde: satýr 183
   konum: Lucene.Net.Search.Searcher.Search(Query query, Filter filter, Int32 n) d:\Lucene.Net\FullRepo\trunk\src\core\Search\Searcher.cs içinde: satýr 108
   konum: Lucene.Net.Search.Searcher.Search(Query query, Int32 n) d:\Lucene.Net\FullRepo\trunk\src\core\Search\Searcher.cs içinde: satýr 118
   konum: KBVault.Web.Helpers.KbVaultLuceneHelper.DoSearch(String text, Int32 page, Int32 resultCount) e:\src\GitRepo\kiln\OpenSource\kbvault\KBVault.Web\Helpers\KbVaultLuceneHelper.cs içinde: satýr 92
2014-08-20 16:10:29.7699 ERROR System.ArgumentException: nDocs must be > 0
   konum: Lucene.Net.Search.IndexSearcher.Search(Weight weight, Filter filter, Int32 nDocs) d:\Lucene.Net\FullRepo\trunk\src\core\Search\IndexSearcher.cs içinde: satýr 183
   konum: Lucene.Net.Search.Searcher.Search(Query query, Filter filter, Int32 n) d:\Lucene.Net\FullRepo\trunk\src\core\Search\Searcher.cs içinde: satýr 108
   konum: Lucene.Net.Search.Searcher.Search(Query query, Int32 n) d:\Lucene.Net\FullRepo\trunk\src\core\Search\Searcher.cs içinde: satýr 118
   konum: KBVault.Web.Helpers.KbVaultLuceneHelper.DoSearch(String text, Int32 page, Int32 resultCount) e:\src\GitRepo\kiln\OpenSource\kbvault\KBVault.Web\Helpers\KbVaultLuceneHelper.cs içinde: satýr 112
   konum: KBVault.Web.Controllers.SearchController.Do(SearchFormViewModel model) e:\src\GitRepo\kiln\OpenSource\kbvault\KBVault.Web\Controllers\SearchController.cs içinde: satýr 40
2014-08-20 16:10:40.4899 ERROR System.ArgumentException: nDocs must be > 0
   konum: Lucene.Net.Search.IndexSearcher.Search(Weight weight, Filter filter, Int32 nDocs) d:\Lucene.Net\FullRepo\trunk\src\core\Search\IndexSearcher.cs içinde: satýr 183
   konum: Lucene.Net.Search.Searcher.Search(Query query, Filter filter, Int32 n) d:\Lucene.Net\FullRepo\trunk\src\core\Search\Searcher.cs içinde: satýr 108
   konum: Lucene.Net.Search.Searcher.Search(Query query, Int32 n) d:\Lucene.Net\FullRepo\trunk\src\core\Search\Searcher.cs içinde: satýr 118
   konum: KBVault.Web.Helpers.KbVaultLuceneHelper.DoSearch(String text, Int32 page, Int32 resultCount) e:\src\GitRepo\kiln\OpenSource\kbvault\KBVault.Web\Helpers\KbVaultLuceneHelper.cs içinde: satýr 92
2014-08-20 16:10:40.5049 ERROR System.ArgumentException: nDocs must be > 0
   konum: Lucene.Net.Search.IndexSearcher.Search(Weight weight, Filter filter, Int32 nDocs) d:\Lucene.Net\FullRepo\trunk\src\core\Search\IndexSearcher.cs içinde: satýr 183
   konum: Lucene.Net.Search.Searcher.Search(Query query, Filter filter, Int32 n) d:\Lucene.Net\FullRepo\trunk\src\core\Search\Searcher.cs içinde: satýr 108
   konum: Lucene.Net.Search.Searcher.Search(Query query, Int32 n) d:\Lucene.Net\FullRepo\trunk\src\core\Search\Searcher.cs içinde: satýr 118
   konum: KBVault.Web.Helpers.KbVaultLuceneHelper.DoSearch(String text, Int32 page, Int32 resultCount) e:\src\GitRepo\kiln\OpenSource\kbvault\KBVault.Web\Helpers\KbVaultLuceneHelper.cs içinde: satýr 112
   konum: KBVault.Web.Controllers.SearchController.Do(SearchFormViewModel model) e:\src\GitRepo\kiln\OpenSource\kbvault\KBVault.Web\Controllers\SearchController.cs içinde: satýr 40
2014-08-20 16:11:05.4479 ERROR System.ArgumentException: nDocs must be > 0
   konum: Lucene.Net.Search.IndexSearcher.Search(Weight weight, Filter filter, Int32 nDocs) d:\Lucene.Net\FullRepo\trunk\src\core\Search\IndexSearcher.cs içinde: satýr 183
   konum: Lucene.Net.Search.Searcher.Search(Query query, Filter filter, Int32 n) d:\Lucene.Net\FullRepo\trunk\src\core\Search\Searcher.cs içinde: satýr 108
   konum: Lucene.Net.Search.Searcher.Search(Query query, Int32 n) d:\Lucene.Net\FullRepo\trunk\src\core\Search\Searcher.cs içinde: satýr 118
   konum: KBVault.Web.Helpers.KbVaultLuceneHelper.DoSearch(String text, Int32 page, Int32 resultCount) e:\src\GitRepo\kiln\OpenSource\kbvault\KBVault.Web\Helpers\KbVaultLuceneHelper.cs içinde: satýr 92
2014-08-20 16:11:05.4479 ERROR System.ArgumentException: nDocs must be > 0
   konum: Lucene.Net.Search.IndexSearcher.Search(Weight weight, Filter filter, Int32 nDocs) d:\Lucene.Net\FullRepo\trunk\src\core\Search\IndexSearcher.cs içinde: satýr 183
   konum: Lucene.Net.Search.Searcher.Search(Query query, Filter filter, Int32 n) d:\Lucene.Net\FullRepo\trunk\src\core\Search\Searcher.cs içinde: satýr 108
   konum: Lucene.Net.Search.Searcher.Search(Query query, Int32 n) d:\Lucene.Net\FullRepo\trunk\src\core\Search\Searcher.cs içinde: satýr 118
   konum: KBVault.Web.Helpers.KbVaultLuceneHelper.DoSearch(String text, Int32 page, Int32 resultCount) e:\src\GitRepo\kiln\OpenSource\kbvault\KBVault.Web\Helpers\KbVaultLuceneHelper.cs içinde: satýr 112
   konum: KBVault.Web.Controllers.SearchController.Do(SearchFormViewModel model) e:\src\GitRepo\kiln\OpenSource\kbvault\KBVault.Web\Controllers\SearchController.cs içinde: satýr 40
2014-08-20 16:12:24.0799 ERROR System.NullReferenceException: Nesne baþvurusu bir nesnenin örneðine ayarlanmadý.
   konum: KBVault.Web.Helpers.KbVaultLuceneHelper.ParseQuery(String searchQuery, QueryParser parser) e:\src\GitRepo\kiln\OpenSource\kbvault\KBVault.Web\Helpers\KbVaultLuceneHelper.cs içinde: satýr 67
   konum: KBVault.Web.Helpers.KbVaultLuceneHelper.DoSearch(String text, Int32 page, Int32 resultCount) e:\src\GitRepo\kiln\OpenSource\kbvault\KBVault.Web\Helpers\KbVaultLuceneHelper.cs içinde: satýr 91
2014-08-20 16:12:24.1079 ERROR System.NullReferenceException: Nesne baþvurusu bir nesnenin örneðine ayarlanmadý.
   konum: KBVault.Web.Helpers.KbVaultLuceneHelper.ParseQuery(String searchQuery, QueryParser parser) e:\src\GitRepo\kiln\OpenSource\kbvault\KBVault.Web\Helpers\KbVaultLuceneHelper.cs içinde: satýr 67
   konum: KBVault.Web.Helpers.KbVaultLuceneHelper.DoSearch(String text, Int32 page, Int32 resultCount) e:\src\GitRepo\kiln\OpenSource\kbvault\KBVault.Web\Helpers\KbVaultLuceneHelper.cs içinde: satýr 112
   konum: KBVault.Web.Controllers.SearchController.Do(SearchFormViewModel model) e:\src\GitRepo\kiln\OpenSource\kbvault\KBVault.Web\Controllers\SearchController.cs içinde: satýr 42
2014-08-20 16:19:53.7597 ERROR Query parser exception
2014-08-20 16:36:37.5831 ERROR System.NullReferenceException: Nesne baþvurusu bir nesnenin örneðine ayarlanmadý.
   konum: KBVault.Web.Helpers.KbVaultLuceneHelper.ParseQuery(String searchQuery, QueryParser parser) e:\src\GitRepo\kiln\OpenSource\kbvault\KBVault.Web\Helpers\KbVaultLuceneHelper.cs içinde: satýr 67
   konum: KBVault.Web.Helpers.KbVaultLuceneHelper.DoSearch(String text, Int32 page, Int32 resultCount) e:\src\GitRepo\kiln\OpenSource\kbvault\KBVault.Web\Helpers\KbVaultLuceneHelper.cs içinde: satýr 91
2014-08-20 16:36:37.6191 ERROR System.NullReferenceException: Nesne baþvurusu bir nesnenin örneðine ayarlanmadý.
   konum: KBVault.Web.Helpers.KbVaultLuceneHelper.ParseQuery(String searchQuery, QueryParser parser) e:\src\GitRepo\kiln\OpenSource\kbvault\KBVault.Web\Helpers\KbVaultLuceneHelper.cs içinde: satýr 67
   konum: KBVault.Web.Helpers.KbVaultLuceneHelper.DoSearch(String text, Int32 page, Int32 resultCount) e:\src\GitRepo\kiln\OpenSource\kbvault\KBVault.Web\Helpers\KbVaultLuceneHelper.cs içinde: satýr 112
   konum: KBVault.Web.Controllers.SearchController.Do(SearchFormViewModel model) e:\src\GitRepo\kiln\OpenSource\kbvault\KBVault.Web\Controllers\SearchController.cs içinde: satýr 33
2014-08-20 16:36:49.1622 ERROR System.IO.IOException: Ýþleyici geçersiz.

   konum: System.IO.__Error.WinIOError(Int32 errorCode, String maybeFullPath)
   konum: System.IO.FileStream.SeekCore(Int64 offset, SeekOrigin origin)
   konum: System.IO.FileStream.Seek(Int64 offset, SeekOrigin origin)
   konum: Lucene.Net.Store.SimpleFSDirectory.SimpleFSIndexInput.ReadInternal(Byte[] b, Int32 offset, Int32 len) d:\Lucene.Net\FullRepo\trunk\src\core\Store\SimpleFSDirectory.cs içinde: satýr 154
   konum: Lucene.Net.Store.BufferedIndexInput.Refill() d:\Lucene.Net\FullRepo\trunk\src\core\Store\BufferedIndexInput.cs içinde: satýr 186
   konum: Lucene.Net.Store.BufferedIndexInput.ReadByte() d:\Lucene.Net\FullRepo\trunk\src\core\Store\BufferedIndexInput.cs içinde: satýr 41
   konum: Lucene.Net.Store.IndexInput.ReadVInt() d:\Lucene.Net\FullRepo\trunk\src\core\Store\IndexInput.cs içinde: satýr 88
   konum: Lucene.Net.Index.TermBuffer.Read(IndexInput input, FieldInfos fieldInfos) d:\Lucene.Net\FullRepo\trunk\src\core\Index\TermBuffer.cs içinde: satýr 73
   konum: Lucene.Net.Index.SegmentTermEnum.Next() d:\Lucene.Net\FullRepo\trunk\src\core\Index\SegmentTermEnum.cs içinde: satýr 145
   konum: Lucene.Net.Search.FilteredTermEnum.Next() d:\Lucene.Net\FullRepo\trunk\src\core\Search\FilteredTermEnum.cs içinde: satýr 88
   konum: Lucene.Net.Search.MultiTermQueryWrapperFilter`1.GetDocIdSet(IndexReader reader) d:\Lucene.Net\FullRepo\trunk\src\core\Search\MultiTermQueryWrapperFilter.cs içinde: satýr 144
   konum: Lucene.Net.Search.ConstantScoreQuery.ConstantScorer..ctor(ConstantScoreQuery enclosingInstance, Similarity similarity, IndexReader reader, Weight w) d:\Lucene.Net\FullRepo\trunk\src\core\Search\ConstantScoreQuery.cs içinde: satýr 159
   konum: Lucene.Net.Search.ConstantScoreQuery.ConstantWeight.Scorer(IndexReader reader, Boolean scoreDocsInOrder, Boolean topScorer) d:\Lucene.Net\FullRepo\trunk\src\core\Search\ConstantScoreQuery.cs içinde: satýr 105
   konum: Lucene.Net.Search.BooleanQuery.BooleanWeight.Scorer(IndexReader reader, Boolean scoreDocsInOrder, Boolean topScorer) d:\Lucene.Net\FullRepo\trunk\src\core\Search\BooleanQuery.cs içinde: satýr 377
   konum: Lucene.Net.Search.IndexSearcher.Search(Weight weight, Filter filter, Collector collector) d:\Lucene.Net\FullRepo\trunk\src\core\Search\IndexSearcher.cs içinde: satýr 225
   konum: Lucene.Net.Search.IndexSearcher.Search(Weight weight, Filter filter, Int32 nDocs) d:\Lucene.Net\FullRepo\trunk\src\core\Search\IndexSearcher.cs içinde: satýr 188
   konum: Lucene.Net.Search.Searcher.Search(Query query, Filter filter, Int32 n) d:\Lucene.Net\FullRepo\trunk\src\core\Search\Searcher.cs içinde: satýr 108
   konum: Lucene.Net.Search.Searcher.Search(Query query, Int32 n) d:\Lucene.Net\FullRepo\trunk\src\core\Search\Searcher.cs içinde: satýr 118
   konum: KBVault.Web.Helpers.KbVaultLuceneHelper.DoSearch(String text, Int32 page, Int32 resultCount) e:\src\GitRepo\kiln\OpenSource\kbvault\KBVault.Web\Helpers\KbVaultLuceneHelper.cs içinde: satýr 92
2014-08-20 16:36:49.2072 ERROR System.IO.IOException: Ýþleyici geçersiz.

   konum: System.IO.__Error.WinIOError(Int32 errorCode, String maybeFullPath)
   konum: System.IO.FileStream.SeekCore(Int64 offset, SeekOrigin origin)
   konum: System.IO.FileStream.Seek(Int64 offset, SeekOrigin origin)
   konum: Lucene.Net.Store.SimpleFSDirectory.SimpleFSIndexInput.ReadInternal(Byte[] b, Int32 offset, Int32 len) d:\Lucene.Net\FullRepo\trunk\src\core\Store\SimpleFSDirectory.cs içinde: satýr 154
   konum: Lucene.Net.Store.BufferedIndexInput.Refill() d:\Lucene.Net\FullRepo\trunk\src\core\Store\BufferedIndexInput.cs içinde: satýr 186
   konum: Lucene.Net.Store.BufferedIndexInput.ReadByte() d:\Lucene.Net\FullRepo\trunk\src\core\Store\BufferedIndexInput.cs içinde: satýr 41
   konum: Lucene.Net.Store.IndexInput.ReadVInt() d:\Lucene.Net\FullRepo\trunk\src\core\Store\IndexInput.cs içinde: satýr 88
   konum: Lucene.Net.Index.TermBuffer.Read(IndexInput input, FieldInfos fieldInfos) d:\Lucene.Net\FullRepo\trunk\src\core\Index\TermBuffer.cs içinde: satýr 73
   konum: Lucene.Net.Index.SegmentTermEnum.Next() d:\Lucene.Net\FullRepo\trunk\src\core\Index\SegmentTermEnum.cs içinde: satýr 145
   konum: Lucene.Net.Search.FilteredTermEnum.Next() d:\Lucene.Net\FullRepo\trunk\src\core\Search\FilteredTermEnum.cs içinde: satýr 88
   konum: Lucene.Net.Search.MultiTermQueryWrapperFilter`1.GetDocIdSet(IndexReader reader) d:\Lucene.Net\FullRepo\trunk\src\core\Search\MultiTermQueryWrapperFilter.cs içinde: satýr 144
   konum: Lucene.Net.Search.ConstantScoreQuery.ConstantScorer..ctor(ConstantScoreQuery enclosingInstance, Similarity similarity, IndexReader reader, Weight w) d:\Lucene.Net\FullRepo\trunk\src\core\Search\ConstantScoreQuery.cs içinde: satýr 159
   konum: Lucene.Net.Search.ConstantScoreQuery.ConstantWeight.Scorer(IndexReader reader, Boolean scoreDocsInOrder, Boolean topScorer) d:\Lucene.Net\FullRepo\trunk\src\core\Search\ConstantScoreQuery.cs içinde: satýr 105
   konum: Lucene.Net.Search.BooleanQuery.BooleanWeight.Scorer(IndexReader reader, Boolean scoreDocsInOrder, Boolean topScorer) d:\Lucene.Net\FullRepo\trunk\src\core\Search\BooleanQuery.cs içinde: satýr 377
   konum: Lucene.Net.Search.IndexSearcher.Search(Weight weight, Filter filter, Collector collector) d:\Lucene.Net\FullRepo\trunk\src\core\Search\IndexSearcher.cs içinde: satýr 225
   konum: Lucene.Net.Search.IndexSearcher.Search(Weight weight, Filter filter, Int32 nDocs) d:\Lucene.Net\FullRepo\trunk\src\core\Search\IndexSearcher.cs içinde: satýr 188
   konum: Lucene.Net.Search.Searcher.Search(Query query, Filter filter, Int32 n) d:\Lucene.Net\FullRepo\trunk\src\core\Search\Searcher.cs içinde: satýr 108
   konum: Lucene.Net.Search.Searcher.Search(Query query, Int32 n) d:\Lucene.Net\FullRepo\trunk\src\core\Search\Searcher.cs içinde: satýr 118
   konum: KBVault.Web.Helpers.KbVaultLuceneHelper.DoSearch(String text, Int32 page, Int32 resultCount) e:\src\GitRepo\kiln\OpenSource\kbvault\KBVault.Web\Helpers\KbVaultLuceneHelper.cs içinde: satýr 112
   konum: KBVault.Web.Controllers.SearchController.More(SearchFormViewModel model) e:\src\GitRepo\kiln\OpenSource\kbvault\KBVault.Web\Controllers\SearchController.cs içinde: satýr 50
