2014-10-16 14:57:59.6639 ERROR System.Data.Entity.Validation.DbEntityValidationException: Validation failed for one or more entities. See 'EntityValidationErrors' property for more details.
   konum: System.Data.Entity.Internal.InternalContext.SaveChanges()
   konum: KBVault.Dal.KbVaultEntities.SaveChanges() e:\src\GitRepo\kiln\OpenSource\kbvault\KBVault.Dal\KbVaultDalExtensions.cs içinde: satýr 114
   konum: KBVault.Web.Controllers.ArticleController.Create(ArticleViewModel model) e:\src\GitRepo\kiln\OpenSource\kbvault\KBVault.Web\Controllers\ArticleController.cs içinde: satýr 150
2014-10-16 15:03:27.2556 ERROR System.Data.SqlClient.SqlException (0x80131904): The INSERT statement conflicted with the FOREIGN KEY constraint "FK_Activities_KbUser". The conflict occurred in database "kbvault", table "dbo.KbUser", column 'Id'.
The statement has been terminated.
   konum: System.Data.SqlClient.SqlConnection.OnError(SqlException exception, Boolean breakConnection, Action`1 wrapCloseInAction)
   konum: System.Data.SqlClient.TdsParser.ThrowExceptionAndWarning(TdsParserStateObject stateObj, Boolean callerHasConnectionLock, Boolean asyncClose)
   konum: System.Data.SqlClient.TdsParser.TryRun(RunBehavior runBehavior, SqlCommand cmdHandler, SqlDataReader dataStream, BulkCopySimpleResultSet bulkCopyHandler, TdsParserStateObject stateObj, Boolean& dataReady)
   konum: System.Data.SqlClient.SqlCommand.FinishExecuteReader(SqlDataReader ds, RunBehavior runBehavior, String resetOptionsString)
   konum: System.Data.SqlClient.SqlCommand.RunExecuteReaderTds(CommandBehavior cmdBehavior, RunBehavior runBehavior, Boolean returnStream, Boolean async, Int32 timeout, Task& task, Boolean asyncWrite, SqlDataReader ds)
   konum: System.Data.SqlClient.SqlCommand.RunExecuteReader(CommandBehavior cmdBehavior, RunBehavior runBehavior, Boolean returnStream, String method, TaskCompletionSource`1 completion, Int32 timeout, Task& task, Boolean asyncWrite)
   konum: System.Data.SqlClient.SqlCommand.InternalExecuteNonQuery(TaskCompletionSource`1 completion, String methodName, Boolean sendToPipe, Int32 timeout, Boolean asyncWrite)
   konum: System.Data.SqlClient.SqlCommand.ExecuteNonQuery()
   konum: System.Data.Entity.Infrastructure.Interception.InternalDispatcher`1.Dispatch[TTarget,TInterceptionContext,TResult](TTarget target, Func`3 operation, TInterceptionContext interceptionContext, Action`3 executing, Action`3 executed)
   konum: System.Data.Entity.Infrastructure.Interception.DbCommandDispatcher.NonQuery(DbCommand command, DbCommandInterceptionContext interceptionContext)
   konum: System.Data.Entity.Core.Objects.ObjectContext.ExecuteInTransaction[T](Func`1 func, IDbExecutionStrategy executionStrategy, Boolean startLocalTransaction, Boolean releaseConnectionOnSuccess)
   konum: System.Data.Entity.Core.Objects.ObjectContext.<>c__DisplayClass59.<ExecuteStoreCommand>b__57()
   konum: System.Data.Entity.SqlServer.DefaultSqlExecutionStrategy.Execute[TResult](Func`1 operation)
   konum: KBVault.Dal.KbVaultEntities.SaveChanges() e:\src\GitRepo\kiln\OpenSource\kbvault\KBVault.Dal\KbVaultDalExtensions.cs içinde: satýr 83
   konum: KBVault.Web.Controllers.ArticleController.Edit(ArticleViewModel model) e:\src\GitRepo\kiln\OpenSource\kbvault\KBVault.Web\Controllers\ArticleController.cs içinde: satýr 77
ClientConnectionId:6ad22f0c-76b7-4428-9885-58918ec1f92d
