2014-06-16 22:28:29.4550 ERROR System.ArgumentNullException: Value cannot be null.
Parameter name: s
   at System.IO.StringReader..ctor(String s)
   at Lucene.Net.QueryParsers.QueryParser.Parse(String query) in d:\Lucene.Net\FullRepo\trunk\src\core\QueryParser\QueryParser.cs:line 219
   at KBVault.Web.Helpers.KbVaultLuceneHelper.DoSearch(String text, Int32 resultCount) in e:\MyWorks\2B-Projevi\Kiln\OpenSource\KBVault-I\KBVault.Web\Helpers\KbVaultLuceneHelper.cs:line 68
2014-06-16 22:28:29.4790 ERROR System.ArgumentNullException: Value cannot be null.
Parameter name: s
   at System.IO.StringReader..ctor(String s)
   at Lucene.Net.QueryParsers.QueryParser.Parse(String query) in d:\Lucene.Net\FullRepo\trunk\src\core\QueryParser\QueryParser.cs:line 219
   at KBVault.Web.Helpers.KbVaultLuceneHelper.DoSearch(String text, Int32 resultCount) in e:\MyWorks\2B-Projevi\Kiln\OpenSource\KBVault-I\KBVault.Web\Helpers\KbVaultLuceneHelper.cs:line 84
   at KBVault.Web.Controllers.HomeController.Search(String id) in e:\MyWorks\2B-Projevi\Kiln\OpenSource\KBVault-I\KBVault.Web\Controllers\HomeController.cs:line 24
2014-06-16 22:29:30.8075 ERROR System.ArgumentNullException: Value cannot be null.
Parameter name: s
   at System.IO.StringReader..ctor(String s)
   at Lucene.Net.QueryParsers.QueryParser.Parse(String query) in d:\Lucene.Net\FullRepo\trunk\src\core\QueryParser\QueryParser.cs:line 219
   at KBVault.Web.Helpers.KbVaultLuceneHelper.DoSearch(String text, Int32 resultCount) in e:\MyWorks\2B-Projevi\Kiln\OpenSource\KBVault-I\KBVault.Web\Helpers\KbVaultLuceneHelper.cs:line 68
2014-06-16 22:29:30.8305 ERROR System.ArgumentNullException: Value cannot be null.
Parameter name: s
   at System.IO.StringReader..ctor(String s)
   at Lucene.Net.QueryParsers.QueryParser.Parse(String query) in d:\Lucene.Net\FullRepo\trunk\src\core\QueryParser\QueryParser.cs:line 219
   at KBVault.Web.Helpers.KbVaultLuceneHelper.DoSearch(String text, Int32 resultCount) in e:\MyWorks\2B-Projevi\Kiln\OpenSource\KBVault-I\KBVault.Web\Helpers\KbVaultLuceneHelper.cs:line 84
   at KBVault.Web.Controllers.HomeController.Search(String id) in e:\MyWorks\2B-Projevi\Kiln\OpenSource\KBVault-I\KBVault.Web\Controllers\HomeController.cs:line 24
2014-06-16 22:30:16.2321 ERROR System.ArgumentNullException: Value cannot be null.
Parameter name: s
   at System.IO.StringReader..ctor(String s)
   at Lucene.Net.QueryParsers.QueryParser.Parse(String query) in d:\Lucene.Net\FullRepo\trunk\src\core\QueryParser\QueryParser.cs:line 219
   at KBVault.Web.Helpers.KbVaultLuceneHelper.DoSearch(String text, Int32 resultCount) in e:\MyWorks\2B-Projevi\Kiln\OpenSource\KBVault-I\KBVault.Web\Helpers\KbVaultLuceneHelper.cs:line 68
2014-06-16 22:30:16.2701 ERROR System.ArgumentNullException: Value cannot be null.
Parameter name: s
   at System.IO.StringReader..ctor(String s)
   at Lucene.Net.QueryParsers.QueryParser.Parse(String query) in d:\Lucene.Net\FullRepo\trunk\src\core\QueryParser\QueryParser.cs:line 219
   at KBVault.Web.Helpers.KbVaultLuceneHelper.DoSearch(String text, Int32 resultCount) in e:\MyWorks\2B-Projevi\Kiln\OpenSource\KBVault-I\KBVault.Web\Helpers\KbVaultLuceneHelper.cs:line 84
   at KBVault.Web.Controllers.HomeController.Search(String id) in e:\MyWorks\2B-Projevi\Kiln\OpenSource\KBVault-I\KBVault.Web\Controllers\HomeController.cs:line 24
