2014-05-30 10:57:43.1572 ERROR System.NotSupportedException: LINQ to Entities does not recognize the method 'Int32 ToInt32(System.String)' method, and this method cannot be translated into a store expression.
   konum: System.Data.Entity.Core.Objects.ELinq.ExpressionConverter.MethodCallTranslator.DefaultTranslator.Translate(ExpressionConverter parent, MethodCallExpression call)
   konum: System.Data.Entity.Core.Objects.ELinq.ExpressionConverter.MethodCallTranslator.TypedTranslate(ExpressionConverter parent, MethodCallExpression linq)
   konum: System.Data.Entity.Core.Objects.ELinq.ExpressionConverter.TypedTranslator`1.Translate(ExpressionConverter parent, Expression linq)
   konum: System.Data.Entity.Core.Objects.ELinq.ExpressionConverter.TranslateExpression(Expression linq)
   konum: System.Data.Entity.Core.Objects.ELinq.ExpressionConverter.UnaryTranslator.TypedTranslate(ExpressionConverter parent, UnaryExpression linq)
   konum: System.Data.Entity.Core.Objects.ELinq.ExpressionConverter.TypedTranslator`1.Translate(ExpressionConverter parent, Expression linq)
   konum: System.Data.Entity.Core.Objects.ELinq.ExpressionConverter.TranslateExpression(Expression linq)
   konum: System.Data.Entity.Core.Objects.ELinq.ExpressionConverter.EqualsTranslator.TypedTranslate(ExpressionConverter parent, BinaryExpression linq)
   konum: System.Data.Entity.Core.Objects.ELinq.ExpressionConverter.TypedTranslator`1.Translate(ExpressionConverter parent, Expression linq)
   konum: System.Data.Entity.Core.Objects.ELinq.ExpressionConverter.TranslateExpression(Expression linq)
   konum: System.Data.Entity.Core.Objects.ELinq.ExpressionConverter.TranslateLambda(LambdaExpression lambda, DbExpression input)
   konum: System.Data.Entity.Core.Objects.ELinq.ExpressionConverter.TranslateLambda(LambdaExpression lambda, DbExpression input, DbExpressionBinding& binding)
   konum: System.Data.Entity.Core.Objects.ELinq.ExpressionConverter.MethodCallTranslator.OneLambdaTranslator.Translate(ExpressionConverter parent, MethodCallExpression call, DbExpression& source, DbExpressionBinding& sourceBinding, DbExpression& lambda)
   konum: System.Data.Entity.Core.Objects.ELinq.ExpressionConverter.MethodCallTranslator.FirstPredicateTranslatorBase.Translate(ExpressionConverter parent, MethodCallExpression call)
   konum: System.Data.Entity.Core.Objects.ELinq.ExpressionConverter.MethodCallTranslator.FirstPredicateTranslator.Translate(ExpressionConverter parent, MethodCallExpression call)
   konum: System.Data.Entity.Core.Objects.ELinq.ExpressionConverter.MethodCallTranslator.SequenceMethodTranslator.Translate(ExpressionConverter parent, MethodCallExpression call, SequenceMethod sequenceMethod)
   konum: System.Data.Entity.Core.Objects.ELinq.ExpressionConverter.MethodCallTranslator.TypedTranslate(ExpressionConverter parent, MethodCallExpression linq)
   konum: System.Data.Entity.Core.Objects.ELinq.ExpressionConverter.TypedTranslator`1.Translate(ExpressionConverter parent, Expression linq)
   konum: System.Data.Entity.Core.Objects.ELinq.ExpressionConverter.TranslateExpression(Expression linq)
   konum: System.Data.Entity.Core.Objects.ELinq.ExpressionConverter.Convert()
   konum: System.Data.Entity.Core.Objects.ELinq.ELinqQueryState.GetExecutionPlan(Nullable`1 forMergeOption)
   konum: System.Data.Entity.Core.Objects.ObjectQuery`1.<>c__DisplayClass7.<GetResults>b__6()
   konum: System.Data.Entity.Core.Objects.ObjectContext.ExecuteInTransaction[T](Func`1 func, IDbExecutionStrategy executionStrategy, Boolean startLocalTransaction, Boolean releaseConnectionOnSuccess)
   konum: System.Data.Entity.Core.Objects.ObjectQuery`1.<>c__DisplayClass7.<GetResults>b__5()
   konum: System.Data.Entity.SqlServer.DefaultSqlExecutionStrategy.Execute[TResult](Func`1 operation)
   konum: System.Data.Entity.Core.Objects.ObjectQuery`1.GetResults(Nullable`1 forMergeOption)
   konum: System.Data.Entity.Core.Objects.ObjectQuery`1.<System.Collections.Generic.IEnumerable<T>.GetEnumerator>b__0()
   konum: System.Data.Entity.Internal.LazyEnumerator`1.MoveNext()
   konum: System.Linq.Enumerable.First[TSource](IEnumerable`1 source)
   konum: System.Data.Entity.Core.Objects.ELinq.ObjectQueryProvider.<GetElementFunction>b__0[TResult](IEnumerable`1 sequence)
   konum: System.Data.Entity.Core.Objects.ELinq.ObjectQueryProvider.ExecuteSingle[TResult](IEnumerable`1 query, Expression queryRoot)
   konum: System.Data.Entity.Core.Objects.ELinq.ObjectQueryProvider.System.Linq.IQueryProvider.Execute[TResult](Expression expression)
   konum: System.Data.Entity.Internal.Linq.DbQueryProvider.Execute[TResult](Expression expression)
   konum: System.Linq.Queryable.First[TSource](IQueryable`1 source, Expression`1 predicate)
   konum: KBVault.Web.Controllers.TagController.Edit(String name, String pk, String value) e:\src\GitRepo\kiln\OpenSource\KBVault-I\KBVault.Web\Controllers\TagController.cs içinde: satýr 27
2014-05-30 10:59:09.2298 ERROR System.NotSupportedException: LINQ to Entities does not recognize the method 'Int32 ToInt32(System.String)' method, and this method cannot be translated into a store expression.
   konum: System.Data.Entity.Core.Objects.ELinq.ExpressionConverter.MethodCallTranslator.DefaultTranslator.Translate(ExpressionConverter parent, MethodCallExpression call)
   konum: System.Data.Entity.Core.Objects.ELinq.ExpressionConverter.MethodCallTranslator.TypedTranslate(ExpressionConverter parent, MethodCallExpression linq)
   konum: System.Data.Entity.Core.Objects.ELinq.ExpressionConverter.TypedTranslator`1.Translate(ExpressionConverter parent, Expression linq)
   konum: System.Data.Entity.Core.Objects.ELinq.ExpressionConverter.TranslateExpression(Expression linq)
   konum: System.Data.Entity.Core.Objects.ELinq.ExpressionConverter.UnaryTranslator.TypedTranslate(ExpressionConverter parent, UnaryExpression linq)
   konum: System.Data.Entity.Core.Objects.ELinq.ExpressionConverter.TypedTranslator`1.Translate(ExpressionConverter parent, Expression linq)
   konum: System.Data.Entity.Core.Objects.ELinq.ExpressionConverter.TranslateExpression(Expression linq)
   konum: System.Data.Entity.Core.Objects.ELinq.ExpressionConverter.EqualsTranslator.TypedTranslate(ExpressionConverter parent, BinaryExpression linq)
   konum: System.Data.Entity.Core.Objects.ELinq.ExpressionConverter.TypedTranslator`1.Translate(ExpressionConverter parent, Expression linq)
   konum: System.Data.Entity.Core.Objects.ELinq.ExpressionConverter.TranslateExpression(Expression linq)
   konum: System.Data.Entity.Core.Objects.ELinq.ExpressionConverter.TranslateLambda(LambdaExpression lambda, DbExpression input)
   konum: System.Data.Entity.Core.Objects.ELinq.ExpressionConverter.TranslateLambda(LambdaExpression lambda, DbExpression input, DbExpressionBinding& binding)
   konum: System.Data.Entity.Core.Objects.ELinq.ExpressionConverter.MethodCallTranslator.OneLambdaTranslator.Translate(ExpressionConverter parent, MethodCallExpression call, DbExpression& source, DbExpressionBinding& sourceBinding, DbExpression& lambda)
   konum: System.Data.Entity.Core.Objects.ELinq.ExpressionConverter.MethodCallTranslator.FirstPredicateTranslatorBase.Translate(ExpressionConverter parent, MethodCallExpression call)
   konum: System.Data.Entity.Core.Objects.ELinq.ExpressionConverter.MethodCallTranslator.FirstPredicateTranslator.Translate(ExpressionConverter parent, MethodCallExpression call)
   konum: System.Data.Entity.Core.Objects.ELinq.ExpressionConverter.MethodCallTranslator.SequenceMethodTranslator.Translate(ExpressionConverter parent, MethodCallExpression call, SequenceMethod sequenceMethod)
   konum: System.Data.Entity.Core.Objects.ELinq.ExpressionConverter.MethodCallTranslator.TypedTranslate(ExpressionConverter parent, MethodCallExpression linq)
   konum: System.Data.Entity.Core.Objects.ELinq.ExpressionConverter.TypedTranslator`1.Translate(ExpressionConverter parent, Expression linq)
   konum: System.Data.Entity.Core.Objects.ELinq.ExpressionConverter.TranslateExpression(Expression linq)
   konum: System.Data.Entity.Core.Objects.ELinq.ExpressionConverter.Convert()
   konum: System.Data.Entity.Core.Objects.ELinq.ELinqQueryState.GetExecutionPlan(Nullable`1 forMergeOption)
   konum: System.Data.Entity.Core.Objects.ObjectQuery`1.<>c__DisplayClass7.<GetResults>b__6()
   konum: System.Data.Entity.Core.Objects.ObjectContext.ExecuteInTransaction[T](Func`1 func, IDbExecutionStrategy executionStrategy, Boolean startLocalTransaction, Boolean releaseConnectionOnSuccess)
   konum: System.Data.Entity.Core.Objects.ObjectQuery`1.<>c__DisplayClass7.<GetResults>b__5()
   konum: System.Data.Entity.SqlServer.DefaultSqlExecutionStrategy.Execute[TResult](Func`1 operation)
   konum: System.Data.Entity.Core.Objects.ObjectQuery`1.GetResults(Nullable`1 forMergeOption)
   konum: System.Data.Entity.Core.Objects.ObjectQuery`1.<System.Collections.Generic.IEnumerable<T>.GetEnumerator>b__0()
   konum: System.Data.Entity.Internal.LazyEnumerator`1.MoveNext()
   konum: System.Linq.Enumerable.First[TSource](IEnumerable`1 source)
   konum: System.Data.Entity.Core.Objects.ELinq.ObjectQueryProvider.<GetElementFunction>b__0[TResult](IEnumerable`1 sequence)
   konum: System.Data.Entity.Core.Objects.ELinq.ObjectQueryProvider.ExecuteSingle[TResult](IEnumerable`1 query, Expression queryRoot)
   konum: System.Data.Entity.Core.Objects.ELinq.ObjectQueryProvider.System.Linq.IQueryProvider.Execute[TResult](Expression expression)
   konum: System.Data.Entity.Internal.Linq.DbQueryProvider.Execute[TResult](Expression expression)
   konum: System.Linq.Queryable.First[TSource](IQueryable`1 source, Expression`1 predicate)
   konum: KBVault.Web.Controllers.TagController.Edit(String name, String pk, String value) e:\src\GitRepo\kiln\OpenSource\KBVault-I\KBVault.Web\Controllers\TagController.cs içinde: satýr 27
2014-05-30 13:37:13.4651 ERROR System.InvalidOperationException: Sýra hiçbir öðe içermiyor
   konum: System.Linq.Enumerable.First[TSource](IEnumerable`1 source)
   konum: System.Data.Entity.Core.Objects.ELinq.ObjectQueryProvider.<GetElementFunction>b__0[TResult](IEnumerable`1 sequence)
   konum: System.Data.Entity.Core.Objects.ELinq.ObjectQueryProvider.ExecuteSingle[TResult](IEnumerable`1 query, Expression queryRoot)
   konum: System.Data.Entity.Core.Objects.ELinq.ObjectQueryProvider.System.Linq.IQueryProvider.Execute[TResult](Expression expression)
   konum: System.Data.Entity.Internal.Linq.DbQueryProvider.Execute[TResult](Expression expression)
   konum: System.Linq.Queryable.First[TSource](IQueryable`1 source, Expression`1 predicate)
   konum: KBVault.Web.Controllers.CategoryController.Edit(Int32 id) e:\src\GitRepo\kiln\OpenSource\KBVault-I\KBVault.Web\Controllers\CategoryController.cs içinde: satýr 58
2014-05-30 13:37:49.6527 ERROR System.InvalidOperationException: Sýra hiçbir öðe içermiyor
   konum: System.Linq.Enumerable.First[TSource](IEnumerable`1 source)
   konum: System.Data.Entity.Core.Objects.ELinq.ObjectQueryProvider.<GetElementFunction>b__0[TResult](IEnumerable`1 sequence)
   konum: System.Data.Entity.Core.Objects.ELinq.ObjectQueryProvider.ExecuteSingle[TResult](IEnumerable`1 query, Expression queryRoot)
   konum: System.Data.Entity.Core.Objects.ELinq.ObjectQueryProvider.System.Linq.IQueryProvider.Execute[TResult](Expression expression)
   konum: System.Data.Entity.Internal.Linq.DbQueryProvider.Execute[TResult](Expression expression)
   konum: System.Linq.Queryable.First[TSource](IQueryable`1 source, Expression`1 predicate)
   konum: KBVault.Web.Controllers.CategoryController.Edit(Int32 id) e:\src\GitRepo\kiln\OpenSource\KBVault-I\KBVault.Web\Controllers\CategoryController.cs içinde: satýr 58
2014-05-30 13:38:55.0222 ERROR System.InvalidOperationException: Sýra hiçbir öðe içermiyor
   konum: System.Linq.Enumerable.First[TSource](IEnumerable`1 source)
   konum: System.Data.Entity.Core.Objects.ELinq.ObjectQueryProvider.<GetElementFunction>b__0[TResult](IEnumerable`1 sequence)
   konum: System.Data.Entity.Core.Objects.ELinq.ObjectQueryProvider.ExecuteSingle[TResult](IEnumerable`1 query, Expression queryRoot)
   konum: System.Data.Entity.Core.Objects.ELinq.ObjectQueryProvider.System.Linq.IQueryProvider.Execute[TResult](Expression expression)
   konum: System.Data.Entity.Internal.Linq.DbQueryProvider.Execute[TResult](Expression expression)
   konum: System.Linq.Queryable.First[TSource](IQueryable`1 source, Expression`1 predicate)
   konum: KBVault.Web.Controllers.CategoryController.Edit(Int32 id) e:\src\GitRepo\kiln\OpenSource\KBVault-I\KBVault.Web\Controllers\CategoryController.cs içinde: satýr 58
2014-05-30 14:05:12.1389 ERROR System.InvalidOperationException: Sýra hiçbir öðe içermiyor
   konum: System.Linq.Enumerable.First[TSource](IEnumerable`1 source)
   konum: System.Data.Entity.Core.Objects.ELinq.ObjectQueryProvider.<GetElementFunction>b__0[TResult](IEnumerable`1 sequence)
   konum: System.Data.Entity.Core.Objects.ELinq.ObjectQueryProvider.ExecuteSingle[TResult](IEnumerable`1 query, Expression queryRoot)
   konum: System.Data.Entity.Core.Objects.ELinq.ObjectQueryProvider.System.Linq.IQueryProvider.Execute[TResult](Expression expression)
   konum: System.Data.Entity.Internal.Linq.DbQueryProvider.Execute[TResult](Expression expression)
   konum: System.Linq.Queryable.First[TSource](IQueryable`1 source, Expression`1 predicate)
   konum: KBVault.Web.Controllers.CategoryController.Edit(Int32 id) e:\src\GitRepo\kiln\OpenSource\KBVault-I\KBVault.Web\Controllers\CategoryController.cs içinde: satýr 59
