2014-06-01 08:10:10.2398 ERROR System.InvalidOperationException: Null olabilecek nesnenin bir deðeri olmasý gerekir.
   konum: System.ThrowHelper.ThrowInvalidOperationException(ExceptionResource resource)
   konum: System.Nullable`1.get_Value()
   konum: KBVault.Web.Models.CategoryViewModel..ctor(Category cat) e:\src\GitRepo\kiln\OpenSource\KBVault-I\KBVault.Web\Models\CategoryViewModel.cs içinde: satýr 20
   konum: KBVault.Web.Controllers.ArticleController.Edit(Int32 id) e:\src\GitRepo\kiln\OpenSource\KBVault-I\KBVault.Web\Controllers\ArticleController.cs içinde: satýr 51
2014-06-01 08:10:38.7894 ERROR System.InvalidOperationException: Null olabilecek nesnenin bir deðeri olmasý gerekir.
   konum: System.ThrowHelper.ThrowInvalidOperationException(ExceptionResource resource)
   konum: System.Nullable`1.get_Value()
   konum: KBVault.Web.Models.CategoryViewModel..ctor(Category cat) e:\src\GitRepo\kiln\OpenSource\KBVault-I\KBVault.Web\Models\CategoryViewModel.cs içinde: satýr 20
   konum: KBVault.Web.Controllers.ArticleController.Edit(Int32 id) e:\src\GitRepo\kiln\OpenSource\KBVault-I\KBVault.Web\Controllers\ArticleController.cs içinde: satýr 51
2014-06-01 08:11:27.4312 ERROR System.InvalidOperationException: Null olabilecek nesnenin bir deðeri olmasý gerekir.
   konum: System.ThrowHelper.ThrowInvalidOperationException(ExceptionResource resource)
   konum: System.Nullable`1.get_Value()
   konum: KBVault.Web.Models.CategoryViewModel..ctor(Category cat) e:\src\GitRepo\kiln\OpenSource\KBVault-I\KBVault.Web\Models\CategoryViewModel.cs içinde: satýr 20
   konum: KBVault.Web.Controllers.ArticleController.Edit(Int32 id) e:\src\GitRepo\kiln\OpenSource\KBVault-I\KBVault.Web\Controllers\ArticleController.cs içinde: satýr 51
2014-06-01 21:41:01.1269 ERROR System.Web.HttpException (0x80004005): SaveAs yöntemi kökü belirtilen bir yol gerektiriyor ve '~/Uploads/Tulips.jpg' yolunun kökü belirtilmemiþ.
   konum: System.Web.HttpPostedFile.SaveAs(String filename)
   konum: System.Web.HttpPostedFileWrapper.SaveAs(String filename)
   konum: KBVault.Web.Controllers.FileController.Upload() e:\src\GitRepo\kiln\OpenSource\KBVault-I\KBVault.Web\Controllers\FileController.cs içinde: satýr 51
2014-06-01 21:41:39.4731 ERROR System.Web.HttpException (0x80004005): SaveAs yöntemi kökü belirtilen bir yol gerektiriyor ve '~/Uploads/Tulips.jpg' yolunun kökü belirtilmemiþ.
   konum: System.Web.HttpPostedFile.SaveAs(String filename)
   konum: System.Web.HttpPostedFileWrapper.SaveAs(String filename)
   konum: KBVault.Web.Controllers.FileController.Upload() e:\src\GitRepo\kiln\OpenSource\KBVault-I\KBVault.Web\Controllers\FileController.cs içinde: satýr 51
2014-06-01 21:42:44.5328 ERROR System.Web.HttpException (0x80004005): SaveAs yöntemi kökü belirtilen bir yol gerektiriyor ve '~/Uploads/Tulips.jpg' yolunun kökü belirtilmemiþ.
   konum: System.Web.HttpPostedFile.SaveAs(String filename)
   konum: System.Web.HttpPostedFileWrapper.SaveAs(String filename)
   konum: KBVault.Web.Controllers.FileController.Upload() e:\src\GitRepo\kiln\OpenSource\KBVault-I\KBVault.Web\Controllers\FileController.cs içinde: satýr 51
2014-06-01 21:46:32.4448 ERROR System.Data.Entity.Core.EntityCommandExecutionException: An error occurred while executing the command definition. See the inner exception for details. ---> System.Data.SqlClient.SqlException: Cannot insert the value NULL into column 'Name', table 'kbvault.dbo.Tag'; column does not allow nulls. INSERT fails.
Cannot insert the value NULL into column 'TagId', table 'kbvault.dbo.ArticleTag'; column does not allow nulls. INSERT fails.
The statement has been terminated.
The statement has been terminated.
   konum: System.Data.SqlClient.SqlConnection.OnError(SqlException exception, Boolean breakConnection, Action`1 wrapCloseInAction)
   konum: System.Data.SqlClient.SqlInternalConnection.OnError(SqlException exception, Boolean breakConnection, Action`1 wrapCloseInAction)
   konum: System.Data.SqlClient.TdsParser.ThrowExceptionAndWarning(TdsParserStateObject stateObj, Boolean callerHasConnectionLock, Boolean asyncClose)
   konum: System.Data.SqlClient.TdsParser.TryRun(RunBehavior runBehavior, SqlCommand cmdHandler, SqlDataReader dataStream, BulkCopySimpleResultSet bulkCopyHandler, TdsParserStateObject stateObj, Boolean& dataReady)
   konum: System.Data.SqlClient.SqlDataReader.TryConsumeMetaData()
   konum: System.Data.SqlClient.SqlDataReader.get_MetaData()
   konum: System.Data.SqlClient.SqlCommand.FinishExecuteReader(SqlDataReader ds, RunBehavior runBehavior, String resetOptionsString)
   konum: System.Data.SqlClient.SqlCommand.RunExecuteReaderTds(CommandBehavior cmdBehavior, RunBehavior runBehavior, Boolean returnStream, Boolean async, Int32 timeout, Task& task, Boolean asyncWrite, SqlDataReader ds)
   konum: System.Data.SqlClient.SqlCommand.RunExecuteReader(CommandBehavior cmdBehavior, RunBehavior runBehavior, Boolean returnStream, String method, TaskCompletionSource`1 completion, Int32 timeout, Task& task, Boolean asyncWrite)
   konum: System.Data.SqlClient.SqlCommand.RunExecuteReader(CommandBehavior cmdBehavior, RunBehavior runBehavior, Boolean returnStream, String method)
   konum: System.Data.SqlClient.SqlCommand.ExecuteReader(CommandBehavior behavior, String method)
   konum: System.Data.SqlClient.SqlCommand.ExecuteDbDataReader(CommandBehavior behavior)
   konum: System.Data.Common.DbCommand.ExecuteReader(CommandBehavior behavior)
   konum: System.Data.Entity.Infrastructure.Interception.DbCommandDispatcher.<Reader>b__c(DbCommand t, DbCommandInterceptionContext`1 c)
   konum: System.Data.Entity.Infrastructure.Interception.InternalDispatcher`1.Dispatch[TTarget,TInterceptionContext,TResult](TTarget target, Func`3 operation, TInterceptionContext interceptionContext, Action`3 executing, Action`3 executed)
   konum: System.Data.Entity.Infrastructure.Interception.DbCommandDispatcher.Reader(DbCommand command, DbCommandInterceptionContext interceptionContext)
   konum: System.Data.Entity.Internal.InterceptableDbCommand.ExecuteDbDataReader(CommandBehavior behavior)
   konum: System.Data.Common.DbCommand.ExecuteReader(CommandBehavior behavior)
   konum: System.Data.Entity.Core.EntityClient.Internal.EntityCommandDefinition.ExecuteStoreCommands(EntityCommand entityCommand, CommandBehavior behavior)
   --- Ýç özel durum yýðýný izlemesinin sonu ---
   konum: System.Data.Entity.Core.EntityClient.Internal.EntityCommandDefinition.ExecuteStoreCommands(EntityCommand entityCommand, CommandBehavior behavior)
   konum: System.Data.Entity.Core.EntityClient.Internal.EntityCommandDefinition.Execute(EntityCommand entityCommand, CommandBehavior behavior)
   konum: System.Data.Entity.Core.EntityClient.EntityCommand.ExecuteReader(CommandBehavior behavior)
   konum: System.Data.Entity.Core.EntityClient.EntityCommand.ExecuteNonQuery()
   konum: System.Data.Entity.Core.Objects.ObjectContext.ExecuteFunctionCommand(EntityCommand entityCommand)
   konum: System.Data.Entity.Core.Objects.ObjectContext.<>c__DisplayClass4b.<ExecuteFunction>b__4a()
   konum: System.Data.Entity.Core.Objects.ObjectContext.ExecuteInTransaction[T](Func`1 func, IDbExecutionStrategy executionStrategy, Boolean startLocalTransaction, Boolean releaseConnectionOnSuccess)
   konum: System.Data.Entity.Core.Objects.ObjectContext.<>c__DisplayClass4b.<ExecuteFunction>b__49()
   konum: System.Data.Entity.SqlServer.DefaultSqlExecutionStrategy.Execute[TResult](Func`1 operation)
   konum: System.Data.Entity.Core.Objects.ObjectContext.ExecuteFunction(String functionName, ObjectParameter[] parameters)
   konum: KBVault.Dal.KbVaultEntities.AssignTagsToArticle(Nullable`1 articleId, String tags) e:\src\GitRepo\kiln\OpenSource\KBVault-I\KBVault.Dal\KbVaultEntityModel.Context.cs içinde: satýr 49
   konum: KBVault.Web.Controllers.ArticleController.Create(ArticleViewModel model) e:\src\GitRepo\kiln\OpenSource\KBVault-I\KBVault.Web\Controllers\ArticleController.cs içinde: satýr 97
2014-06-01 21:47:04.5707 ERROR System.Data.Entity.Core.EntityCommandExecutionException: An error occurred while executing the command definition. See the inner exception for details. ---> System.Data.SqlClient.SqlException: Cannot insert the value NULL into column 'Name', table 'kbvault.dbo.Tag'; column does not allow nulls. INSERT fails.
Cannot insert the value NULL into column 'TagId', table 'kbvault.dbo.ArticleTag'; column does not allow nulls. INSERT fails.
The statement has been terminated.
The statement has been terminated.
   konum: System.Data.SqlClient.SqlConnection.OnError(SqlException exception, Boolean breakConnection, Action`1 wrapCloseInAction)
   konum: System.Data.SqlClient.SqlInternalConnection.OnError(SqlException exception, Boolean breakConnection, Action`1 wrapCloseInAction)
   konum: System.Data.SqlClient.TdsParser.ThrowExceptionAndWarning(TdsParserStateObject stateObj, Boolean callerHasConnectionLock, Boolean asyncClose)
   konum: System.Data.SqlClient.TdsParser.TryRun(RunBehavior runBehavior, SqlCommand cmdHandler, SqlDataReader dataStream, BulkCopySimpleResultSet bulkCopyHandler, TdsParserStateObject stateObj, Boolean& dataReady)
   konum: System.Data.SqlClient.SqlDataReader.TryConsumeMetaData()
   konum: System.Data.SqlClient.SqlDataReader.get_MetaData()
   konum: System.Data.SqlClient.SqlCommand.FinishExecuteReader(SqlDataReader ds, RunBehavior runBehavior, String resetOptionsString)
   konum: System.Data.SqlClient.SqlCommand.RunExecuteReaderTds(CommandBehavior cmdBehavior, RunBehavior runBehavior, Boolean returnStream, Boolean async, Int32 timeout, Task& task, Boolean asyncWrite, SqlDataReader ds)
   konum: System.Data.SqlClient.SqlCommand.RunExecuteReader(CommandBehavior cmdBehavior, RunBehavior runBehavior, Boolean returnStream, String method, TaskCompletionSource`1 completion, Int32 timeout, Task& task, Boolean asyncWrite)
   konum: System.Data.SqlClient.SqlCommand.RunExecuteReader(CommandBehavior cmdBehavior, RunBehavior runBehavior, Boolean returnStream, String method)
   konum: System.Data.SqlClient.SqlCommand.ExecuteReader(CommandBehavior behavior, String method)
   konum: System.Data.SqlClient.SqlCommand.ExecuteDbDataReader(CommandBehavior behavior)
   konum: System.Data.Common.DbCommand.ExecuteReader(CommandBehavior behavior)
   konum: System.Data.Entity.Infrastructure.Interception.DbCommandDispatcher.<Reader>b__c(DbCommand t, DbCommandInterceptionContext`1 c)
   konum: System.Data.Entity.Infrastructure.Interception.InternalDispatcher`1.Dispatch[TTarget,TInterceptionContext,TResult](TTarget target, Func`3 operation, TInterceptionContext interceptionContext, Action`3 executing, Action`3 executed)
   konum: System.Data.Entity.Infrastructure.Interception.DbCommandDispatcher.Reader(DbCommand command, DbCommandInterceptionContext interceptionContext)
   konum: System.Data.Entity.Internal.InterceptableDbCommand.ExecuteDbDataReader(CommandBehavior behavior)
   konum: System.Data.Common.DbCommand.ExecuteReader(CommandBehavior behavior)
   konum: System.Data.Entity.Core.EntityClient.Internal.EntityCommandDefinition.ExecuteStoreCommands(EntityCommand entityCommand, CommandBehavior behavior)
   --- Ýç özel durum yýðýný izlemesinin sonu ---
   konum: System.Data.Entity.Core.EntityClient.Internal.EntityCommandDefinition.ExecuteStoreCommands(EntityCommand entityCommand, CommandBehavior behavior)
   konum: System.Data.Entity.Core.EntityClient.Internal.EntityCommandDefinition.Execute(EntityCommand entityCommand, CommandBehavior behavior)
   konum: System.Data.Entity.Core.EntityClient.EntityCommand.ExecuteReader(CommandBehavior behavior)
   konum: System.Data.Entity.Core.EntityClient.EntityCommand.ExecuteNonQuery()
   konum: System.Data.Entity.Core.Objects.ObjectContext.ExecuteFunctionCommand(EntityCommand entityCommand)
   konum: System.Data.Entity.Core.Objects.ObjectContext.<>c__DisplayClass4b.<ExecuteFunction>b__4a()
   konum: System.Data.Entity.Core.Objects.ObjectContext.ExecuteInTransaction[T](Func`1 func, IDbExecutionStrategy executionStrategy, Boolean startLocalTransaction, Boolean releaseConnectionOnSuccess)
   konum: System.Data.Entity.Core.Objects.ObjectContext.<>c__DisplayClass4b.<ExecuteFunction>b__49()
   konum: System.Data.Entity.SqlServer.DefaultSqlExecutionStrategy.Execute[TResult](Func`1 operation)
   konum: System.Data.Entity.Core.Objects.ObjectContext.ExecuteFunction(String functionName, ObjectParameter[] parameters)
   konum: KBVault.Dal.KbVaultEntities.AssignTagsToArticle(Nullable`1 articleId, String tags) e:\src\GitRepo\kiln\OpenSource\KBVault-I\KBVault.Dal\KbVaultEntityModel.Context.cs içinde: satýr 49
   konum: KBVault.Web.Controllers.ArticleController.Create(ArticleViewModel model) e:\src\GitRepo\kiln\OpenSource\KBVault-I\KBVault.Web\Controllers\ArticleController.cs içinde: satýr 97
