2014-06-05 06:43:57.1643 ERROR System.Data.Entity.Infrastructure.DbUpdateException: An error occurred while updating the entries. See the inner exception for details. ---> System.Data.Entity.Core.UpdateException: An error occurred while updating the entries. See the inner exception for details. ---> System.Data.SqlClient.SqlException: The UPDATE statement conflicted with the FOREIGN KEY SAME TABLE constraint "FK_Category_Parent". The conflict occurred in database "kbvault", table "dbo.Category", column 'Id'.
The statement has been terminated.
   at System.Data.SqlClient.SqlConnection.OnError(SqlException exception, Boolean breakConnection, Action`1 wrapCloseInAction)
   at System.Data.SqlClient.SqlInternalConnection.OnError(SqlException exception, Boolean breakConnection, Action`1 wrapCloseInAction)
   at System.Data.SqlClient.TdsParser.ThrowExceptionAndWarning(TdsParserStateObject stateObj, Boolean callerHasConnectionLock, Boolean asyncClose)
   at System.Data.SqlClient.TdsParser.TryRun(RunBehavior runBehavior, SqlCommand cmdHandler, SqlDataReader dataStream, BulkCopySimpleResultSet bulkCopyHandler, TdsParserStateObject stateObj, Boolean& dataReady)
   at System.Data.SqlClient.SqlCommand.FinishExecuteReader(SqlDataReader ds, RunBehavior runBehavior, String resetOptionsString)
   at System.Data.SqlClient.SqlCommand.RunExecuteReaderTds(CommandBehavior cmdBehavior, RunBehavior runBehavior, Boolean returnStream, Boolean async, Int32 timeout, Task& task, Boolean asyncWrite, SqlDataReader ds)
   at System.Data.SqlClient.SqlCommand.RunExecuteReader(CommandBehavior cmdBehavior, RunBehavior runBehavior, Boolean returnStream, String method, TaskCompletionSource`1 completion, Int32 timeout, Task& task, Boolean asyncWrite)
   at System.Data.SqlClient.SqlCommand.InternalExecuteNonQuery(TaskCompletionSource`1 completion, String methodName, Boolean sendToPipe, Int32 timeout, Boolean asyncWrite)
   at System.Data.SqlClient.SqlCommand.ExecuteNonQuery()
   at System.Data.Entity.Infrastructure.Interception.DbCommandDispatcher.<NonQuery>b__0(DbCommand t, DbCommandInterceptionContext`1 c)
   at System.Data.Entity.Infrastructure.Interception.InternalDispatcher`1.Dispatch[TTarget,TInterceptionContext,TResult](TTarget target, Func`3 operation, TInterceptionContext interceptionContext, Action`3 executing, Action`3 executed)
   at System.Data.Entity.Infrastructure.Interception.DbCommandDispatcher.NonQuery(DbCommand command, DbCommandInterceptionContext interceptionContext)
   at System.Data.Entity.Internal.InterceptableDbCommand.ExecuteNonQuery()
   at System.Data.Entity.Core.Mapping.Update.Internal.DynamicUpdateCommand.Execute(Dictionary`2 identifierValues, List`1 generatedValues)
   at System.Data.Entity.Core.Mapping.Update.Internal.UpdateTranslator.Update()
   --- End of inner exception stack trace ---
   at System.Data.Entity.Core.Mapping.Update.Internal.UpdateTranslator.Update()
   at System.Data.Entity.Core.EntityClient.Internal.EntityAdapter.<Update>b__2(UpdateTranslator ut)
   at System.Data.Entity.Core.EntityClient.Internal.EntityAdapter.Update[T](T noChangesResult, Func`2 updateFunction)
   at System.Data.Entity.Core.EntityClient.Internal.EntityAdapter.Update()
   at System.Data.Entity.Core.Objects.ObjectContext.<SaveChangesToStore>b__35()
   at System.Data.Entity.Core.Objects.ObjectContext.ExecuteInTransaction[T](Func`1 func, IDbExecutionStrategy executionStrategy, Boolean startLocalTransaction, Boolean releaseConnectionOnSuccess)
   at System.Data.Entity.Core.Objects.ObjectContext.SaveChangesToStore(SaveOptions options, IDbExecutionStrategy executionStrategy, Boolean startLocalTransaction)
   at System.Data.Entity.Core.Objects.ObjectContext.<>c__DisplayClass2a.<SaveChangesInternal>b__27()
   at System.Data.Entity.SqlServer.DefaultSqlExecutionStrategy.Execute[TResult](Func`1 operation)
   at System.Data.Entity.Core.Objects.ObjectContext.SaveChangesInternal(SaveOptions options, Boolean executeInExistingTransaction)
   at System.Data.Entity.Core.Objects.ObjectContext.SaveChanges(SaveOptions options)
   at System.Data.Entity.Internal.InternalContext.SaveChanges()
   --- End of inner exception stack trace ---
   at System.Data.Entity.Internal.InternalContext.SaveChanges()
   at System.Data.Entity.Internal.LazyInternalContext.SaveChanges()
   at System.Data.Entity.DbContext.SaveChanges()
   at KBVault.Web.Controllers.CategoryController.Edit(CategoryViewModel model) in e:\MyWorks\2B-Projevi\Kiln\OpenSource\KBVault-I\KBVault.Web\Controllers\CategoryController.cs:line 116
2014-06-05 06:44:27.6561 ERROR System.Data.Entity.Infrastructure.DbUpdateException: An error occurred while updating the entries. See the inner exception for details. ---> System.Data.Entity.Core.UpdateException: An error occurred while updating the entries. See the inner exception for details. ---> System.Data.SqlClient.SqlException: The UPDATE statement conflicted with the FOREIGN KEY SAME TABLE constraint "FK_Category_Parent". The conflict occurred in database "kbvault", table "dbo.Category", column 'Id'.
The statement has been terminated.
   at System.Data.SqlClient.SqlConnection.OnError(SqlException exception, Boolean breakConnection, Action`1 wrapCloseInAction)
   at System.Data.SqlClient.SqlInternalConnection.OnError(SqlException exception, Boolean breakConnection, Action`1 wrapCloseInAction)
   at System.Data.SqlClient.TdsParser.ThrowExceptionAndWarning(TdsParserStateObject stateObj, Boolean callerHasConnectionLock, Boolean asyncClose)
   at System.Data.SqlClient.TdsParser.TryRun(RunBehavior runBehavior, SqlCommand cmdHandler, SqlDataReader dataStream, BulkCopySimpleResultSet bulkCopyHandler, TdsParserStateObject stateObj, Boolean& dataReady)
   at System.Data.SqlClient.SqlCommand.FinishExecuteReader(SqlDataReader ds, RunBehavior runBehavior, String resetOptionsString)
   at System.Data.SqlClient.SqlCommand.RunExecuteReaderTds(CommandBehavior cmdBehavior, RunBehavior runBehavior, Boolean returnStream, Boolean async, Int32 timeout, Task& task, Boolean asyncWrite, SqlDataReader ds)
   at System.Data.SqlClient.SqlCommand.RunExecuteReader(CommandBehavior cmdBehavior, RunBehavior runBehavior, Boolean returnStream, String method, TaskCompletionSource`1 completion, Int32 timeout, Task& task, Boolean asyncWrite)
   at System.Data.SqlClient.SqlCommand.InternalExecuteNonQuery(TaskCompletionSource`1 completion, String methodName, Boolean sendToPipe, Int32 timeout, Boolean asyncWrite)
   at System.Data.SqlClient.SqlCommand.ExecuteNonQuery()
   at System.Data.Entity.Infrastructure.Interception.DbCommandDispatcher.<NonQuery>b__0(DbCommand t, DbCommandInterceptionContext`1 c)
   at System.Data.Entity.Infrastructure.Interception.InternalDispatcher`1.Dispatch[TTarget,TInterceptionContext,TResult](TTarget target, Func`3 operation, TInterceptionContext interceptionContext, Action`3 executing, Action`3 executed)
   at System.Data.Entity.Infrastructure.Interception.DbCommandDispatcher.NonQuery(DbCommand command, DbCommandInterceptionContext interceptionContext)
   at System.Data.Entity.Internal.InterceptableDbCommand.ExecuteNonQuery()
   at System.Data.Entity.Core.Mapping.Update.Internal.DynamicUpdateCommand.Execute(Dictionary`2 identifierValues, List`1 generatedValues)
   at System.Data.Entity.Core.Mapping.Update.Internal.UpdateTranslator.Update()
   --- End of inner exception stack trace ---
   at System.Data.Entity.Core.Mapping.Update.Internal.UpdateTranslator.Update()
   at System.Data.Entity.Core.EntityClient.Internal.EntityAdapter.<Update>b__2(UpdateTranslator ut)
   at System.Data.Entity.Core.EntityClient.Internal.EntityAdapter.Update[T](T noChangesResult, Func`2 updateFunction)
   at System.Data.Entity.Core.EntityClient.Internal.EntityAdapter.Update()
   at System.Data.Entity.Core.Objects.ObjectContext.<SaveChangesToStore>b__35()
   at System.Data.Entity.Core.Objects.ObjectContext.ExecuteInTransaction[T](Func`1 func, IDbExecutionStrategy executionStrategy, Boolean startLocalTransaction, Boolean releaseConnectionOnSuccess)
   at System.Data.Entity.Core.Objects.ObjectContext.SaveChangesToStore(SaveOptions options, IDbExecutionStrategy executionStrategy, Boolean startLocalTransaction)
   at System.Data.Entity.Core.Objects.ObjectContext.<>c__DisplayClass2a.<SaveChangesInternal>b__27()
   at System.Data.Entity.SqlServer.DefaultSqlExecutionStrategy.Execute[TResult](Func`1 operation)
   at System.Data.Entity.Core.Objects.ObjectContext.SaveChangesInternal(SaveOptions options, Boolean executeInExistingTransaction)
   at System.Data.Entity.Core.Objects.ObjectContext.SaveChanges(SaveOptions options)
   at System.Data.Entity.Internal.InternalContext.SaveChanges()
   --- End of inner exception stack trace ---
   at System.Data.Entity.Internal.InternalContext.SaveChanges()
   at System.Data.Entity.Internal.LazyInternalContext.SaveChanges()
   at System.Data.Entity.DbContext.SaveChanges()
   at KBVault.Web.Controllers.CategoryController.Edit(CategoryViewModel model) in e:\MyWorks\2B-Projevi\Kiln\OpenSource\KBVault-I\KBVault.Web\Controllers\CategoryController.cs:line 116
2014-06-05 06:56:52.8698 ERROR System.InvalidOperationException: Sequence contains no elements
   at System.Linq.Enumerable.First[TSource](IEnumerable`1 source)
   at System.Data.Entity.Core.Objects.ELinq.ObjectQueryProvider.<GetElementFunction>b__0[TResult](IEnumerable`1 sequence)
   at System.Data.Entity.Core.Objects.ELinq.ObjectQueryProvider.ExecuteSingle[TResult](IEnumerable`1 query, Expression queryRoot)
   at System.Data.Entity.Core.Objects.ELinq.ObjectQueryProvider.System.Linq.IQueryProvider.Execute[TResult](Expression expression)
   at System.Data.Entity.Internal.Linq.DbQueryProvider.Execute[TResult](Expression expression)
   at System.Linq.Queryable.First[TSource](IQueryable`1 source, Expression`1 predicate)
   at KBVault.Web.Controllers.CategoryController.List(Int32 id, Int32 page) in e:\MyWorks\2B-Projevi\Kiln\OpenSource\KBVault-I\KBVault.Web\Controllers\CategoryController.cs:line 166
2014-06-05 13:13:26.7731 ERROR System.Data.Entity.Core.EntityException: The underlying provider failed on Open. ---> System.Data.SqlClient.SqlException: Cannot open database "kbvault" requested by the login. The login failed.
Login failed for user 'SAMPAS\bgunusen'.
   konum: System.Data.SqlClient.SqlInternalConnection.OnError(SqlException exception, Boolean breakConnection, Action`1 wrapCloseInAction)
   konum: System.Data.SqlClient.TdsParser.ThrowExceptionAndWarning(TdsParserStateObject stateObj, Boolean callerHasConnectionLock, Boolean asyncClose)
   konum: System.Data.SqlClient.TdsParser.TryRun(RunBehavior runBehavior, SqlCommand cmdHandler, SqlDataReader dataStream, BulkCopySimpleResultSet bulkCopyHandler, TdsParserStateObject stateObj, Boolean& dataReady)
   konum: System.Data.SqlClient.TdsParser.Run(RunBehavior runBehavior, SqlCommand cmdHandler, SqlDataReader dataStream, BulkCopySimpleResultSet bulkCopyHandler, TdsParserStateObject stateObj)
   konum: System.Data.SqlClient.SqlInternalConnectionTds.CompleteLogin(Boolean enlistOK)
   konum: System.Data.SqlClient.SqlInternalConnectionTds.AttemptOneLogin(ServerInfo serverInfo, String newPassword, SecureString newSecurePassword, Boolean ignoreSniOpenTimeout, TimeoutTimer timeout, Boolean withFailover)
   konum: System.Data.SqlClient.SqlInternalConnectionTds.LoginNoFailover(ServerInfo serverInfo, String newPassword, SecureString newSecurePassword, Boolean redirectedUserInstance, SqlConnectionString connectionOptions, SqlCredential credential, TimeoutTimer timeout)
   konum: System.Data.SqlClient.SqlInternalConnectionTds.OpenLoginEnlist(TimeoutTimer timeout, SqlConnectionString connectionOptions, SqlCredential credential, String newPassword, SecureString newSecurePassword, Boolean redirectedUserInstance)
   konum: System.Data.SqlClient.SqlInternalConnectionTds..ctor(DbConnectionPoolIdentity identity, SqlConnectionString connectionOptions, SqlCredential credential, Object providerInfo, String newPassword, SecureString newSecurePassword, Boolean redirectedUserInstance, SqlConnectionString userConnectionOptions, SessionData reconnectSessionData)
   konum: System.Data.SqlClient.SqlConnectionFactory.CreateConnection(DbConnectionOptions options, DbConnectionPoolKey poolKey, Object poolGroupProviderInfo, DbConnectionPool pool, DbConnection owningConnection, DbConnectionOptions userOptions)
   konum: System.Data.ProviderBase.DbConnectionFactory.CreatePooledConnection(DbConnectionPool pool, DbConnection owningObject, DbConnectionOptions options, DbConnectionPoolKey poolKey, DbConnectionOptions userOptions)
   konum: System.Data.ProviderBase.DbConnectionPool.CreateObject(DbConnection owningObject, DbConnectionOptions userOptions, DbConnectionInternal oldConnection)
   konum: System.Data.ProviderBase.DbConnectionPool.UserCreateRequest(DbConnection owningObject, DbConnectionOptions userOptions, DbConnectionInternal oldConnection)
   konum: System.Data.ProviderBase.DbConnectionPool.TryGetConnection(DbConnection owningObject, UInt32 waitForMultipleObjectsTimeout, Boolean allowCreate, Boolean onlyOneCheckConnection, DbConnectionOptions userOptions, DbConnectionInternal& connection)
   konum: System.Data.ProviderBase.DbConnectionPool.TryGetConnection(DbConnection owningObject, TaskCompletionSource`1 retry, DbConnectionOptions userOptions, DbConnectionInternal& connection)
   konum: System.Data.ProviderBase.DbConnectionFactory.TryGetConnection(DbConnection owningConnection, TaskCompletionSource`1 retry, DbConnectionOptions userOptions, DbConnectionInternal oldConnection, DbConnectionInternal& connection)
   konum: System.Data.ProviderBase.DbConnectionInternal.TryOpenConnectionInternal(DbConnection outerConnection, DbConnectionFactory connectionFactory, TaskCompletionSource`1 retry, DbConnectionOptions userOptions)
   konum: System.Data.ProviderBase.DbConnectionClosed.TryOpenConnection(DbConnection outerConnection, DbConnectionFactory connectionFactory, TaskCompletionSource`1 retry, DbConnectionOptions userOptions)
   konum: System.Data.SqlClient.SqlConnection.TryOpenInner(TaskCompletionSource`1 retry)
   konum: System.Data.SqlClient.SqlConnection.TryOpen(TaskCompletionSource`1 retry)
   konum: System.Data.SqlClient.SqlConnection.Open()
   konum: System.Data.Entity.Infrastructure.Interception.DbConnectionDispatcher.<Open>b__38(DbConnection t, DbConnectionInterceptionContext c)
   konum: System.Data.Entity.Infrastructure.Interception.InternalDispatcher`1.Dispatch[TTarget,TInterceptionContext](TTarget target, Action`2 operation, TInterceptionContext interceptionContext, Action`3 executing, Action`3 executed)
   konum: System.Data.Entity.Infrastructure.Interception.DbConnectionDispatcher.Open(DbConnection connection, DbInterceptionContext interceptionContext)
   konum: System.Data.Entity.Core.EntityClient.EntityConnection.<Open>b__2()
   konum: System.Data.Entity.SqlServer.DefaultSqlExecutionStrategy.<>c__DisplayClass1.<Execute>b__0()
   konum: System.Data.Entity.SqlServer.DefaultSqlExecutionStrategy.Execute[TResult](Func`1 operation)
   konum: System.Data.Entity.SqlServer.DefaultSqlExecutionStrategy.Execute(Action operation)
   konum: System.Data.Entity.Core.EntityClient.EntityConnection.Open()
   --- Ýç özel durum yýðýný izlemesinin sonu ---
   konum: System.Data.Entity.Core.EntityClient.EntityConnection.Open()
   konum: System.Data.Entity.Core.Objects.ObjectContext.EnsureConnection(Boolean shouldMonitorTransactions)
   konum: System.Data.Entity.Core.Objects.ObjectContext.ExecuteInTransaction[T](Func`1 func, IDbExecutionStrategy executionStrategy, Boolean startLocalTransaction, Boolean releaseConnectionOnSuccess)
   konum: System.Data.Entity.Core.Objects.ObjectQuery`1.<>c__DisplayClass7.<GetResults>b__5()
   konum: System.Data.Entity.SqlServer.DefaultSqlExecutionStrategy.Execute[TResult](Func`1 operation)
   konum: System.Data.Entity.Core.Objects.ObjectQuery`1.GetResults(Nullable`1 forMergeOption)
   konum: System.Data.Entity.Core.Objects.ObjectQuery`1.<System.Collections.Generic.IEnumerable<T>.GetEnumerator>b__0()
   konum: System.Data.Entity.Internal.LazyEnumerator`1.MoveNext()
   konum: System.Linq.Enumerable.First[TSource](IEnumerable`1 source)
   konum: System.Data.Entity.Core.Objects.ELinq.ObjectQueryProvider.<GetElementFunction>b__0[TResult](IEnumerable`1 sequence)
   konum: System.Data.Entity.Core.Objects.ELinq.ObjectQueryProvider.ExecuteSingle[TResult](IEnumerable`1 query, Expression queryRoot)
   konum: System.Data.Entity.Core.Objects.ELinq.ObjectQueryProvider.System.Linq.IQueryProvider.Execute[TResult](Expression expression)
   konum: System.Data.Entity.Internal.Linq.DbQueryProvider.Execute[TResult](Expression expression)
   konum: System.Linq.Queryable.First[TSource](IQueryable`1 source, Expression`1 predicate)
   konum: KBVault.Web.Controllers.ArticleController.Edit(Int32 id) e:\src\GitRepo\kiln\OpenSource\KBVault-I\KBVault.Web\Controllers\ArticleController.cs içinde: satýr 61
2014-06-05 13:13:35.9060 ERROR System.Data.Entity.Core.EntityException: The underlying provider failed on Open. ---> System.Data.SqlClient.SqlException: Cannot open database "kbvault" requested by the login. The login failed.
Login failed for user 'SAMPAS\bgunusen'.
   konum: System.Data.SqlClient.SqlInternalConnection.OnError(SqlException exception, Boolean breakConnection, Action`1 wrapCloseInAction)
   konum: System.Data.SqlClient.TdsParser.ThrowExceptionAndWarning(TdsParserStateObject stateObj, Boolean callerHasConnectionLock, Boolean asyncClose)
   konum: System.Data.SqlClient.TdsParser.TryRun(RunBehavior runBehavior, SqlCommand cmdHandler, SqlDataReader dataStream, BulkCopySimpleResultSet bulkCopyHandler, TdsParserStateObject stateObj, Boolean& dataReady)
   konum: System.Data.SqlClient.TdsParser.Run(RunBehavior runBehavior, SqlCommand cmdHandler, SqlDataReader dataStream, BulkCopySimpleResultSet bulkCopyHandler, TdsParserStateObject stateObj)
   konum: System.Data.SqlClient.SqlInternalConnectionTds.CompleteLogin(Boolean enlistOK)
   konum: System.Data.SqlClient.SqlInternalConnectionTds.AttemptOneLogin(ServerInfo serverInfo, String newPassword, SecureString newSecurePassword, Boolean ignoreSniOpenTimeout, TimeoutTimer timeout, Boolean withFailover)
   konum: System.Data.SqlClient.SqlInternalConnectionTds.LoginNoFailover(ServerInfo serverInfo, String newPassword, SecureString newSecurePassword, Boolean redirectedUserInstance, SqlConnectionString connectionOptions, SqlCredential credential, TimeoutTimer timeout)
   konum: System.Data.SqlClient.SqlInternalConnectionTds.OpenLoginEnlist(TimeoutTimer timeout, SqlConnectionString connectionOptions, SqlCredential credential, String newPassword, SecureString newSecurePassword, Boolean redirectedUserInstance)
   konum: System.Data.SqlClient.SqlInternalConnectionTds..ctor(DbConnectionPoolIdentity identity, SqlConnectionString connectionOptions, SqlCredential credential, Object providerInfo, String newPassword, SecureString newSecurePassword, Boolean redirectedUserInstance, SqlConnectionString userConnectionOptions, SessionData reconnectSessionData)
   konum: System.Data.SqlClient.SqlConnectionFactory.CreateConnection(DbConnectionOptions options, DbConnectionPoolKey poolKey, Object poolGroupProviderInfo, DbConnectionPool pool, DbConnection owningConnection, DbConnectionOptions userOptions)
   konum: System.Data.ProviderBase.DbConnectionFactory.CreatePooledConnection(DbConnectionPool pool, DbConnection owningObject, DbConnectionOptions options, DbConnectionPoolKey poolKey, DbConnectionOptions userOptions)
   konum: System.Data.ProviderBase.DbConnectionPool.CreateObject(DbConnection owningObject, DbConnectionOptions userOptions, DbConnectionInternal oldConnection)
   konum: System.Data.ProviderBase.DbConnectionPool.UserCreateRequest(DbConnection owningObject, DbConnectionOptions userOptions, DbConnectionInternal oldConnection)
   konum: System.Data.ProviderBase.DbConnectionPool.TryGetConnection(DbConnection owningObject, UInt32 waitForMultipleObjectsTimeout, Boolean allowCreate, Boolean onlyOneCheckConnection, DbConnectionOptions userOptions, DbConnectionInternal& connection)
   konum: System.Data.ProviderBase.DbConnectionPool.TryGetConnection(DbConnection owningObject, TaskCompletionSource`1 retry, DbConnectionOptions userOptions, DbConnectionInternal& connection)
   konum: System.Data.ProviderBase.DbConnectionFactory.TryGetConnection(DbConnection owningConnection, TaskCompletionSource`1 retry, DbConnectionOptions userOptions, DbConnectionInternal oldConnection, DbConnectionInternal& connection)
   konum: System.Data.ProviderBase.DbConnectionInternal.TryOpenConnectionInternal(DbConnection outerConnection, DbConnectionFactory connectionFactory, TaskCompletionSource`1 retry, DbConnectionOptions userOptions)
   konum: System.Data.ProviderBase.DbConnectionClosed.TryOpenConnection(DbConnection outerConnection, DbConnectionFactory connectionFactory, TaskCompletionSource`1 retry, DbConnectionOptions userOptions)
   konum: System.Data.SqlClient.SqlConnection.TryOpenInner(TaskCompletionSource`1 retry)
   konum: System.Data.SqlClient.SqlConnection.TryOpen(TaskCompletionSource`1 retry)
   konum: System.Data.SqlClient.SqlConnection.Open()
   konum: System.Data.Entity.Infrastructure.Interception.DbConnectionDispatcher.<Open>b__38(DbConnection t, DbConnectionInterceptionContext c)
   konum: System.Data.Entity.Infrastructure.Interception.InternalDispatcher`1.Dispatch[TTarget,TInterceptionContext](TTarget target, Action`2 operation, TInterceptionContext interceptionContext, Action`3 executing, Action`3 executed)
   konum: System.Data.Entity.Infrastructure.Interception.DbConnectionDispatcher.Open(DbConnection connection, DbInterceptionContext interceptionContext)
   konum: System.Data.Entity.Core.EntityClient.EntityConnection.<Open>b__2()
   konum: System.Data.Entity.SqlServer.DefaultSqlExecutionStrategy.<>c__DisplayClass1.<Execute>b__0()
   konum: System.Data.Entity.SqlServer.DefaultSqlExecutionStrategy.Execute[TResult](Func`1 operation)
   konum: System.Data.Entity.SqlServer.DefaultSqlExecutionStrategy.Execute(Action operation)
   konum: System.Data.Entity.Core.EntityClient.EntityConnection.Open()
   --- Ýç özel durum yýðýný izlemesinin sonu ---
   konum: System.Data.Entity.Core.EntityClient.EntityConnection.Open()
   konum: System.Data.Entity.Core.Objects.ObjectContext.EnsureConnection(Boolean shouldMonitorTransactions)
   konum: System.Data.Entity.Core.Objects.ObjectContext.ExecuteInTransaction[T](Func`1 func, IDbExecutionStrategy executionStrategy, Boolean startLocalTransaction, Boolean releaseConnectionOnSuccess)
   konum: System.Data.Entity.Core.Objects.ObjectQuery`1.<>c__DisplayClass7.<GetResults>b__5()
   konum: System.Data.Entity.SqlServer.DefaultSqlExecutionStrategy.Execute[TResult](Func`1 operation)
   konum: System.Data.Entity.Core.Objects.ObjectQuery`1.GetResults(Nullable`1 forMergeOption)
   konum: System.Data.Entity.Core.Objects.ObjectQuery`1.<System.Collections.Generic.IEnumerable<T>.GetEnumerator>b__0()
   konum: System.Data.Entity.Internal.LazyEnumerator`1.MoveNext()
   konum: System.Linq.Enumerable.FirstOrDefault[TSource](IEnumerable`1 source)
   konum: System.Data.Entity.Core.Objects.ELinq.ObjectQueryProvider.<GetElementFunction>b__1[TResult](IEnumerable`1 sequence)
   konum: System.Data.Entity.Core.Objects.ELinq.ObjectQueryProvider.ExecuteSingle[TResult](IEnumerable`1 query, Expression queryRoot)
   konum: System.Data.Entity.Core.Objects.ELinq.ObjectQueryProvider.System.Linq.IQueryProvider.Execute[TResult](Expression expression)
   konum: System.Data.Entity.Internal.Linq.DbQueryProvider.Execute[TResult](Expression expression)
   konum: System.Linq.Queryable.FirstOrDefault[TSource](IQueryable`1 source, Expression`1 predicate)
   konum: KBVault.Core.MVC.Authorization.KbVaultAuthHelper.GetKbUser(String userName) e:\src\GitRepo\kiln\OpenSource\KBVault-I\KBVault.Core\MVC\Authorization\KbVaultAuthHelper.cs içinde: satýr 26
   konum: KBVault.Web.Helpers.KBVaultHelperFunctions.UserAsKbUser(IPrincipal user) e:\src\GitRepo\kiln\OpenSource\KBVault-I\KBVault.Web\Helpers\KBVaultHelperFunctions.cs içinde: satýr 25
2014-06-05 13:34:55.9430 ERROR System.InvalidOperationException: Sýra hiçbir öðe içermiyor
   konum: System.Linq.Enumerable.First[TSource](IEnumerable`1 source)
   konum: System.Data.Entity.Core.Objects.ELinq.ObjectQueryProvider.<GetElementFunction>b__0[TResult](IEnumerable`1 sequence)
   konum: System.Data.Entity.Core.Objects.ELinq.ObjectQueryProvider.ExecuteSingle[TResult](IEnumerable`1 query, Expression queryRoot)
   konum: System.Data.Entity.Core.Objects.ELinq.ObjectQueryProvider.System.Linq.IQueryProvider.Execute[TResult](Expression expression)
   konum: System.Data.Entity.Internal.Linq.DbQueryProvider.Execute[TResult](Expression expression)
   konum: System.Linq.Queryable.First[TSource](IQueryable`1 source)
   konum: KBVault.Web.Controllers.SettingsController.Index() e:\src\GitRepo\kiln\OpenSource\KBVault-I\KBVault.Web\Controllers\SettingsController.cs içinde: satýr 59
2014-06-05 13:38:13.7748 ERROR System.InvalidOperationException: Sýra hiçbir öðe içermiyor
   konum: System.Linq.Enumerable.First[TSource](IEnumerable`1 source)
   konum: System.Data.Entity.Core.Objects.ELinq.ObjectQueryProvider.<GetElementFunction>b__0[TResult](IEnumerable`1 sequence)
   konum: System.Data.Entity.Core.Objects.ELinq.ObjectQueryProvider.ExecuteSingle[TResult](IEnumerable`1 query, Expression queryRoot)
   konum: System.Data.Entity.Core.Objects.ELinq.ObjectQueryProvider.System.Linq.IQueryProvider.Execute[TResult](Expression expression)
   konum: System.Data.Entity.Internal.Linq.DbQueryProvider.Execute[TResult](Expression expression)
   konum: System.Linq.Queryable.First[TSource](IQueryable`1 source)
   konum: KBVault.Web.Controllers.SettingsController.Index() e:\src\GitRepo\kiln\OpenSource\KBVault-I\KBVault.Web\Controllers\SettingsController.cs içinde: satýr 59
2014-06-05 13:38:20.9295 ERROR System.InvalidOperationException: Sýra hiçbir öðe içermiyor
   konum: System.Linq.Enumerable.First[TSource](IEnumerable`1 source)
   konum: System.Data.Entity.Core.Objects.ELinq.ObjectQueryProvider.<GetElementFunction>b__0[TResult](IEnumerable`1 sequence)
   konum: System.Data.Entity.Core.Objects.ELinq.ObjectQueryProvider.ExecuteSingle[TResult](IEnumerable`1 query, Expression queryRoot)
   konum: System.Data.Entity.Core.Objects.ELinq.ObjectQueryProvider.System.Linq.IQueryProvider.Execute[TResult](Expression expression)
   konum: System.Data.Entity.Internal.Linq.DbQueryProvider.Execute[TResult](Expression expression)
   konum: System.Linq.Queryable.First[TSource](IQueryable`1 source)
   konum: KBVault.Web.Controllers.SettingsController.Index() e:\src\GitRepo\kiln\OpenSource\KBVault-I\KBVault.Web\Controllers\SettingsController.cs içinde: satýr 59
2014-06-05 13:38:48.8543 ERROR System.InvalidOperationException: Sýra hiçbir öðe içermiyor
   konum: System.Linq.Enumerable.First[TSource](IEnumerable`1 source)
   konum: System.Data.Entity.Core.Objects.ELinq.ObjectQueryProvider.<GetElementFunction>b__0[TResult](IEnumerable`1 sequence)
   konum: System.Data.Entity.Core.Objects.ELinq.ObjectQueryProvider.ExecuteSingle[TResult](IEnumerable`1 query, Expression queryRoot)
   konum: System.Data.Entity.Core.Objects.ELinq.ObjectQueryProvider.System.Linq.IQueryProvider.Execute[TResult](Expression expression)
   konum: System.Data.Entity.Internal.Linq.DbQueryProvider.Execute[TResult](Expression expression)
   konum: System.Linq.Queryable.First[TSource](IQueryable`1 source)
   konum: KBVault.Web.Controllers.SettingsController.Index() e:\src\GitRepo\kiln\OpenSource\KBVault-I\KBVault.Web\Controllers\SettingsController.cs içinde: satýr 59
2014-06-05 13:40:13.0287 ERROR System.Data.Entity.Infrastructure.DbUpdateException: Unable to update the EntitySet 'Settings' because it has a DefiningQuery and no <InsertFunction> element exists in the <ModificationFunctionMapping> element to support the current operation. ---> System.Data.Entity.Core.UpdateException: Unable to update the EntitySet 'Settings' because it has a DefiningQuery and no <InsertFunction> element exists in the <ModificationFunctionMapping> element to support the current operation.
   konum: System.Data.Entity.SqlServer.SqlGen.DmlSqlGenerator.ExpressionTranslator.Visit(DbScanExpression expression)
   konum: System.Data.Entity.Core.Common.CommandTrees.DbScanExpression.Accept(DbExpressionVisitor visitor)
   konum: System.Data.Entity.SqlServer.SqlGen.DmlSqlGenerator.GenerateInsertSql(DbInsertCommandTree tree, SqlGenerator sqlGenerator, List`1& parameters, Boolean generateReturningSql, Boolean upperCaseKeywords, Boolean createParameters)
   konum: System.Data.Entity.SqlServer.SqlGen.SqlGenerator.GenerateSql(DbCommandTree tree, SqlVersion sqlVersion, List`1& parameters, CommandType& commandType, HashSet`1& paramsToForceNonUnicode)
   konum: System.Data.Entity.SqlServer.SqlProviderServices.CreateCommand(DbProviderManifest providerManifest, DbCommandTree commandTree)
   konum: System.Data.Entity.SqlServer.SqlProviderServices.CreateDbCommandDefinition(DbProviderManifest providerManifest, DbCommandTree commandTree)
   konum: System.Data.Entity.Core.Common.DbProviderServices.CreateDbCommandDefinition(DbProviderManifest providerManifest, DbCommandTree commandTree, DbInterceptionContext interceptionContext)
   konum: System.Data.Entity.Core.Common.DbProviderServices.CreateCommandDefinition(DbCommandTree commandTree, DbInterceptionContext interceptionContext)
   konum: System.Data.Entity.Core.Common.DbProviderServices.CreateCommand(DbCommandTree commandTree, DbInterceptionContext interceptionContext)
   konum: System.Data.Entity.Core.Mapping.Update.Internal.UpdateTranslator.CreateCommand(DbModificationCommandTree commandTree)
   konum: System.Data.Entity.Core.Mapping.Update.Internal.DynamicUpdateCommand.CreateCommand(Dictionary`2 identifierValues)
   konum: System.Data.Entity.Core.Mapping.Update.Internal.DynamicUpdateCommand.Execute(Dictionary`2 identifierValues, List`1 generatedValues)
   konum: System.Data.Entity.Core.Mapping.Update.Internal.UpdateTranslator.Update()
   konum: System.Data.Entity.Core.EntityClient.Internal.EntityAdapter.<Update>b__2(UpdateTranslator ut)
   konum: System.Data.Entity.Core.EntityClient.Internal.EntityAdapter.Update[T](T noChangesResult, Func`2 updateFunction)
   konum: System.Data.Entity.Core.EntityClient.Internal.EntityAdapter.Update()
   konum: System.Data.Entity.Core.Objects.ObjectContext.<SaveChangesToStore>b__35()
   konum: System.Data.Entity.Core.Objects.ObjectContext.ExecuteInTransaction[T](Func`1 func, IDbExecutionStrategy executionStrategy, Boolean startLocalTransaction, Boolean releaseConnectionOnSuccess)
   konum: System.Data.Entity.Core.Objects.ObjectContext.SaveChangesToStore(SaveOptions options, IDbExecutionStrategy executionStrategy, Boolean startLocalTransaction)
   konum: System.Data.Entity.Core.Objects.ObjectContext.<>c__DisplayClass2a.<SaveChangesInternal>b__27()
   konum: System.Data.Entity.SqlServer.DefaultSqlExecutionStrategy.Execute[TResult](Func`1 operation)
   konum: System.Data.Entity.Core.Objects.ObjectContext.SaveChangesInternal(SaveOptions options, Boolean executeInExistingTransaction)
   konum: System.Data.Entity.Core.Objects.ObjectContext.SaveChanges(SaveOptions options)
   konum: System.Data.Entity.Internal.InternalContext.SaveChanges()
   --- Ýç özel durum yýðýný izlemesinin sonu ---
   konum: System.Data.Entity.Internal.InternalContext.SaveChanges()
   konum: System.Data.Entity.Internal.LazyInternalContext.SaveChanges()
   konum: System.Data.Entity.DbContext.SaveChanges()
   konum: KBVault.Web.Controllers.SettingsController.Index(SettingsViewModel model) e:\src\GitRepo\kiln\OpenSource\KBVault-I\KBVault.Web\Controllers\SettingsController.cs içinde: satýr 32
2014-06-05 13:40:23.3897 ERROR System.Data.Entity.Infrastructure.DbUpdateException: Unable to update the EntitySet 'Settings' because it has a DefiningQuery and no <InsertFunction> element exists in the <ModificationFunctionMapping> element to support the current operation. ---> System.Data.Entity.Core.UpdateException: Unable to update the EntitySet 'Settings' because it has a DefiningQuery and no <InsertFunction> element exists in the <ModificationFunctionMapping> element to support the current operation.
   konum: System.Data.Entity.SqlServer.SqlGen.DmlSqlGenerator.ExpressionTranslator.Visit(DbScanExpression expression)
   konum: System.Data.Entity.Core.Common.CommandTrees.DbScanExpression.Accept(DbExpressionVisitor visitor)
   konum: System.Data.Entity.SqlServer.SqlGen.DmlSqlGenerator.GenerateInsertSql(DbInsertCommandTree tree, SqlGenerator sqlGenerator, List`1& parameters, Boolean generateReturningSql, Boolean upperCaseKeywords, Boolean createParameters)
   konum: System.Data.Entity.SqlServer.SqlGen.SqlGenerator.GenerateSql(DbCommandTree tree, SqlVersion sqlVersion, List`1& parameters, CommandType& commandType, HashSet`1& paramsToForceNonUnicode)
   konum: System.Data.Entity.SqlServer.SqlProviderServices.CreateCommand(DbProviderManifest providerManifest, DbCommandTree commandTree)
   konum: System.Data.Entity.SqlServer.SqlProviderServices.CreateDbCommandDefinition(DbProviderManifest providerManifest, DbCommandTree commandTree)
   konum: System.Data.Entity.Core.Common.DbProviderServices.CreateDbCommandDefinition(DbProviderManifest providerManifest, DbCommandTree commandTree, DbInterceptionContext interceptionContext)
   konum: System.Data.Entity.Core.Common.DbProviderServices.CreateCommandDefinition(DbCommandTree commandTree, DbInterceptionContext interceptionContext)
   konum: System.Data.Entity.Core.Common.DbProviderServices.CreateCommand(DbCommandTree commandTree, DbInterceptionContext interceptionContext)
   konum: System.Data.Entity.Core.Mapping.Update.Internal.UpdateTranslator.CreateCommand(DbModificationCommandTree commandTree)
   konum: System.Data.Entity.Core.Mapping.Update.Internal.DynamicUpdateCommand.CreateCommand(Dictionary`2 identifierValues)
   konum: System.Data.Entity.Core.Mapping.Update.Internal.DynamicUpdateCommand.Execute(Dictionary`2 identifierValues, List`1 generatedValues)
   konum: System.Data.Entity.Core.Mapping.Update.Internal.UpdateTranslator.Update()
   konum: System.Data.Entity.Core.EntityClient.Internal.EntityAdapter.<Update>b__2(UpdateTranslator ut)
   konum: System.Data.Entity.Core.EntityClient.Internal.EntityAdapter.Update[T](T noChangesResult, Func`2 updateFunction)
   konum: System.Data.Entity.Core.EntityClient.Internal.EntityAdapter.Update()
   konum: System.Data.Entity.Core.Objects.ObjectContext.<SaveChangesToStore>b__35()
   konum: System.Data.Entity.Core.Objects.ObjectContext.ExecuteInTransaction[T](Func`1 func, IDbExecutionStrategy executionStrategy, Boolean startLocalTransaction, Boolean releaseConnectionOnSuccess)
   konum: System.Data.Entity.Core.Objects.ObjectContext.SaveChangesToStore(SaveOptions options, IDbExecutionStrategy executionStrategy, Boolean startLocalTransaction)
   konum: System.Data.Entity.Core.Objects.ObjectContext.<>c__DisplayClass2a.<SaveChangesInternal>b__27()
   konum: System.Data.Entity.SqlServer.DefaultSqlExecutionStrategy.Execute[TResult](Func`1 operation)
   konum: System.Data.Entity.Core.Objects.ObjectContext.SaveChangesInternal(SaveOptions options, Boolean executeInExistingTransaction)
   konum: System.Data.Entity.Core.Objects.ObjectContext.SaveChanges(SaveOptions options)
   konum: System.Data.Entity.Internal.InternalContext.SaveChanges()
   --- Ýç özel durum yýðýný izlemesinin sonu ---
   konum: System.Data.Entity.Internal.InternalContext.SaveChanges()
   konum: System.Data.Entity.Internal.LazyInternalContext.SaveChanges()
   konum: System.Data.Entity.DbContext.SaveChanges()
   konum: KBVault.Web.Controllers.SettingsController.Index(SettingsViewModel model) e:\src\GitRepo\kiln\OpenSource\KBVault-I\KBVault.Web\Controllers\SettingsController.cs içinde: satýr 32
2014-06-05 13:40:54.0008 ERROR System.Data.Entity.Infrastructure.DbUpdateException: Unable to update the EntitySet 'Settings' because it has a DefiningQuery and no <InsertFunction> element exists in the <ModificationFunctionMapping> element to support the current operation. ---> System.Data.Entity.Core.UpdateException: Unable to update the EntitySet 'Settings' because it has a DefiningQuery and no <InsertFunction> element exists in the <ModificationFunctionMapping> element to support the current operation.
   konum: System.Data.Entity.SqlServer.SqlGen.DmlSqlGenerator.ExpressionTranslator.Visit(DbScanExpression expression)
   konum: System.Data.Entity.Core.Common.CommandTrees.DbScanExpression.Accept(DbExpressionVisitor visitor)
   konum: System.Data.Entity.SqlServer.SqlGen.DmlSqlGenerator.GenerateInsertSql(DbInsertCommandTree tree, SqlGenerator sqlGenerator, List`1& parameters, Boolean generateReturningSql, Boolean upperCaseKeywords, Boolean createParameters)
   konum: System.Data.Entity.SqlServer.SqlGen.SqlGenerator.GenerateSql(DbCommandTree tree, SqlVersion sqlVersion, List`1& parameters, CommandType& commandType, HashSet`1& paramsToForceNonUnicode)
   konum: System.Data.Entity.SqlServer.SqlProviderServices.CreateCommand(DbProviderManifest providerManifest, DbCommandTree commandTree)
   konum: System.Data.Entity.SqlServer.SqlProviderServices.CreateDbCommandDefinition(DbProviderManifest providerManifest, DbCommandTree commandTree)
   konum: System.Data.Entity.Core.Common.DbProviderServices.CreateDbCommandDefinition(DbProviderManifest providerManifest, DbCommandTree commandTree, DbInterceptionContext interceptionContext)
   konum: System.Data.Entity.Core.Common.DbProviderServices.CreateCommandDefinition(DbCommandTree commandTree, DbInterceptionContext interceptionContext)
   konum: System.Data.Entity.Core.Common.DbProviderServices.CreateCommand(DbCommandTree commandTree, DbInterceptionContext interceptionContext)
   konum: System.Data.Entity.Core.Mapping.Update.Internal.UpdateTranslator.CreateCommand(DbModificationCommandTree commandTree)
   konum: System.Data.Entity.Core.Mapping.Update.Internal.DynamicUpdateCommand.CreateCommand(Dictionary`2 identifierValues)
   konum: System.Data.Entity.Core.Mapping.Update.Internal.DynamicUpdateCommand.Execute(Dictionary`2 identifierValues, List`1 generatedValues)
   konum: System.Data.Entity.Core.Mapping.Update.Internal.UpdateTranslator.Update()
   konum: System.Data.Entity.Core.EntityClient.Internal.EntityAdapter.<Update>b__2(UpdateTranslator ut)
   konum: System.Data.Entity.Core.EntityClient.Internal.EntityAdapter.Update[T](T noChangesResult, Func`2 updateFunction)
   konum: System.Data.Entity.Core.EntityClient.Internal.EntityAdapter.Update()
   konum: System.Data.Entity.Core.Objects.ObjectContext.<SaveChangesToStore>b__35()
   konum: System.Data.Entity.Core.Objects.ObjectContext.ExecuteInTransaction[T](Func`1 func, IDbExecutionStrategy executionStrategy, Boolean startLocalTransaction, Boolean releaseConnectionOnSuccess)
   konum: System.Data.Entity.Core.Objects.ObjectContext.SaveChangesToStore(SaveOptions options, IDbExecutionStrategy executionStrategy, Boolean startLocalTransaction)
   konum: System.Data.Entity.Core.Objects.ObjectContext.<>c__DisplayClass2a.<SaveChangesInternal>b__27()
   konum: System.Data.Entity.SqlServer.DefaultSqlExecutionStrategy.Execute[TResult](Func`1 operation)
   konum: System.Data.Entity.Core.Objects.ObjectContext.SaveChangesInternal(SaveOptions options, Boolean executeInExistingTransaction)
   konum: System.Data.Entity.Core.Objects.ObjectContext.SaveChanges(SaveOptions options)
   konum: System.Data.Entity.Internal.InternalContext.SaveChanges()
   --- Ýç özel durum yýðýný izlemesinin sonu ---
   konum: System.Data.Entity.Internal.InternalContext.SaveChanges()
   konum: System.Data.Entity.Internal.LazyInternalContext.SaveChanges()
   konum: System.Data.Entity.DbContext.SaveChanges()
   konum: KBVault.Web.Controllers.SettingsController.Index(SettingsViewModel model) e:\src\GitRepo\kiln\OpenSource\KBVault-I\KBVault.Web\Controllers\SettingsController.cs içinde: satýr 32
2014-06-05 13:42:58.5342 ERROR System.Data.Entity.Validation.DbEntityValidationException: Validation failed for one or more entities. See 'EntityValidationErrors' property for more details.
   konum: System.Data.Entity.Internal.InternalContext.SaveChanges()
   konum: System.Data.Entity.Internal.LazyInternalContext.SaveChanges()
   konum: System.Data.Entity.DbContext.SaveChanges()
   konum: KBVault.Web.Controllers.SettingsController.Index(SettingsViewModel model) e:\src\GitRepo\kiln\OpenSource\KBVault-I\KBVault.Web\Controllers\SettingsController.cs içinde: satýr 32
2014-06-05 13:44:00.8155 ERROR System.Data.Entity.Validation.DbEntityValidationException: Validation failed for one or more entities. See 'EntityValidationErrors' property for more details.
   konum: System.Data.Entity.Internal.InternalContext.SaveChanges()
   konum: System.Data.Entity.Internal.LazyInternalContext.SaveChanges()
   konum: System.Data.Entity.DbContext.SaveChanges()
   konum: KBVault.Web.Controllers.SettingsController.Index(SettingsViewModel model) e:\src\GitRepo\kiln\OpenSource\KBVault-I\KBVault.Web\Controllers\SettingsController.cs içinde: satýr 32
2014-06-05 13:45:02.7817 ERROR System.Data.Entity.Validation.DbEntityValidationException: Validation failed for one or more entities. See 'EntityValidationErrors' property for more details.
   konum: System.Data.Entity.Internal.InternalContext.SaveChanges()
   konum: System.Data.Entity.Internal.LazyInternalContext.SaveChanges()
   konum: System.Data.Entity.DbContext.SaveChanges()
   konum: KBVault.Web.Controllers.SettingsController.Index(SettingsViewModel model) e:\src\GitRepo\kiln\OpenSource\KBVault-I\KBVault.Web\Controllers\SettingsController.cs içinde: satýr 33
2014-06-05 13:45:20.3864 ERROR System.InvalidOperationException: The property 'CompanyName' is part of the object's key information and cannot be modified. 
   konum: System.Data.Entity.Core.Objects.EntityEntry.DetectChangesInProperty(Int32 ordinal, Boolean detectOnlyComplexProperties, Boolean detectOnly)
   konum: System.Data.Entity.Core.Objects.EntityEntry.DetectChangesInProperties(Boolean detectOnlyComplexProperties)
   konum: System.Data.Entity.Core.Objects.ObjectStateManager.DetectChangesInScalarAndComplexProperties(IList`1 entries)
   konum: System.Data.Entity.Core.Objects.ObjectStateManager.DetectChanges()
   konum: System.Data.Entity.Core.Objects.ObjectContext.DetectChanges()
   konum: System.Data.Entity.Internal.InternalContext.DetectChanges(Boolean force)
   konum: System.Data.Entity.Internal.InternalContext.GetStateEntries(Func`2 predicate)
   konum: System.Data.Entity.Internal.InternalContext.GetStateEntries()
   konum: System.Data.Entity.Infrastructure.DbChangeTracker.Entries()
   konum: System.Data.Entity.DbContext.GetValidationErrors()
   konum: System.Data.Entity.Internal.InternalContext.SaveChanges()
   konum: System.Data.Entity.Internal.LazyInternalContext.SaveChanges()
   konum: System.Data.Entity.DbContext.SaveChanges()
   konum: KBVault.Web.Controllers.SettingsController.Index(SettingsViewModel model) e:\src\GitRepo\kiln\OpenSource\KBVault-I\KBVault.Web\Controllers\SettingsController.cs içinde: satýr 43
