2014-05-27 14:14:13.7822 ERROR System.IO.FileLoadException: 'EntityFramework, Version=6.0.0.0, Culture=neutral, PublicKeyToken=b77a5c561934e089' dosyasýný veya derlemesini ya da baðýmlýlýklarýndan birini yükleyemedi. Konumlandýrýlan derlemenin bildirim tanýmý derleme baþvurusuyla eþleþmiyor. (HRESULT özel durum döndürdü: 0x80131040)
Dosya adý: 'EntityFramework, Version=6.0.0.0, Culture=neutral, PublicKeyToken=b77a5c561934e089'
   konum: KBVault.Core.MVC.Authorization.KbVaultAuthHelper.ValidateUser(String userName, String password)
   konum: KBVault.Core.MVC.Authorization.KBVaultMembershipProvider.ValidateUser(String username, String password) e:\src\GitRepo\kiln\OpenSource\KBVault-I\KBVault.Core\MVC\Authorization\KBVaultMembershipProvider.cs içinde: satýr 55

=== Baðlama öncesi durum bilgileri ===
GNLK: DisplayName = EntityFramework, Version=6.0.0.0, Culture=neutral, PublicKeyToken=b77a5c561934e089
 (Fully-specified)
GNLK: Uygulama tabaný= file:///E:/src/GitRepo/kiln/OpenSource/KBVault-I/KBVault.Web/
GNLK: Baþlangýç PrivatePath = E:\src\GitRepo\kiln\OpenSource\KBVault-I\KBVault.Web\bin
Çaðrýyý yapan derleme: KBvault.Dal, Version=1.0.0.0, Culture=neutral, PublicKeyToken=null.
===
GNLK: Bu baðlama default yükü içeriðinden baþlar.
GNLK: Kullanýlan uygulama yapýlandýrma dosyasý: E:\src\GitRepo\kiln\OpenSource\KBVault-I\KBVault.Web\web.config
GNLK: Ana bilgisayar yapýlandýrma dosyasý kullanýlýyor: 
GNLK: C:\Windows\Microsoft.NET\Framework\v4.0.30319\config\machine.config konumundaki makine yapýlandýrma dosyasý kullanýlýyor.
GNLK: Ýlke sonrasý baþvuru: EntityFramework, Version=6.0.0.0, Culture=neutral, PublicKeyToken=b77a5c561934e089
GNLK: Yeni file:///C:/Users/bgunusen/AppData/Local/Temp/Temporary ASP.NET Files/root/1f549553/43dfb614/EntityFramework.DLL URL'sini indirme ükleme giriþiminde bulunuluyor.
GNLK: Yeni file:///C:/Users/bgunusen/AppData/Local/Temp/Temporary ASP.NET Files/root/1f549553/43dfb614/EntityFramework/EntityFramework.DLL URL'sini indirme ükleme giriþiminde bulunuluyor.
GNLK: Yeni file:///E:/src/GitRepo/kiln/OpenSource/KBVault-I/KBVault.Web/bin/EntityFramework.DLL URL'sini indirme ükleme giriþiminde bulunuluyor.
UYR: Derleme adý karþýlaþtýrmasý uyuþmazlýkla sonuçlandý: Ana Sürüm
HATA: Derleme kurulumu tamamlanamadý (hr = 0x80131040). Algýlama sonlandýrýldý.

2014-05-27 14:14:13.8292 ERROR System.IO.FileLoadException: 'EntityFramework, Version=6.0.0.0, Culture=neutral, PublicKeyToken=b77a5c561934e089' dosyasýný veya derlemesini ya da baðýmlýlýklarýndan birini yükleyemedi. Konumlandýrýlan derlemenin bildirim tanýmý derleme baþvurusuyla eþleþmiyor. (HRESULT özel durum döndürdü: 0x80131040)
Dosya adý: 'EntityFramework, Version=6.0.0.0, Culture=neutral, PublicKeyToken=b77a5c561934e089'
   konum: KBVault.Core.MVC.Authorization.KbVaultAuthHelper.ValidateUser(String userName, String password)
   konum: KBVault.Core.MVC.Authorization.KBVaultMembershipProvider.ValidateUser(String username, String password) e:\src\GitRepo\kiln\OpenSource\KBVault-I\KBVault.Core\MVC\Authorization\KBVaultMembershipProvider.cs içinde: satýr 60
   konum: KBVault.Web.Controllers.AccountController.Login(LoginViewModel model) e:\src\GitRepo\kiln\OpenSource\KBVault-I\KBVault.Web\Controllers\AccountController.cs içinde: satýr 42

=== Baðlama öncesi durum bilgileri ===
GNLK: DisplayName = EntityFramework, Version=6.0.0.0, Culture=neutral, PublicKeyToken=b77a5c561934e089
 (Fully-specified)
GNLK: Uygulama tabaný= file:///E:/src/GitRepo/kiln/OpenSource/KBVault-I/KBVault.Web/
GNLK: Baþlangýç PrivatePath = E:\src\GitRepo\kiln\OpenSource\KBVault-I\KBVault.Web\bin
Çaðrýyý yapan derleme: KBvault.Dal, Version=1.0.0.0, Culture=neutral, PublicKeyToken=null.
===
GNLK: Bu baðlama default yükü içeriðinden baþlar.
GNLK: Kullanýlan uygulama yapýlandýrma dosyasý: E:\src\GitRepo\kiln\OpenSource\KBVault-I\KBVault.Web\web.config
GNLK: Ana bilgisayar yapýlandýrma dosyasý kullanýlýyor: 
GNLK: C:\Windows\Microsoft.NET\Framework\v4.0.30319\config\machine.config konumundaki makine yapýlandýrma dosyasý kullanýlýyor.
GNLK: Ýlke sonrasý baþvuru: EntityFramework, Version=6.0.0.0, Culture=neutral, PublicKeyToken=b77a5c561934e089
GNLK: Yeni file:///C:/Users/bgunusen/AppData/Local/Temp/Temporary ASP.NET Files/root/1f549553/43dfb614/EntityFramework.DLL URL'sini indirme ükleme giriþiminde bulunuluyor.
GNLK: Yeni file:///C:/Users/bgunusen/AppData/Local/Temp/Temporary ASP.NET Files/root/1f549553/43dfb614/EntityFramework/EntityFramework.DLL URL'sini indirme ükleme giriþiminde bulunuluyor.
GNLK: Yeni file:///E:/src/GitRepo/kiln/OpenSource/KBVault-I/KBVault.Web/bin/EntityFramework.DLL URL'sini indirme ükleme giriþiminde bulunuluyor.
UYR: Derleme adý karþýlaþtýrmasý uyuþmazlýkla sonuçlandý: Ana Sürüm
HATA: Derleme kurulumu tamamlanamadý (hr = 0x80131040). Algýlama sonlandýrýldý.

2014-05-27 14:15:26.3605 ERROR System.IO.FileLoadException: 'EntityFramework, Version=6.0.0.0, Culture=neutral, PublicKeyToken=b77a5c561934e089' dosyasýný veya derlemesini ya da baðýmlýlýklarýndan birini yükleyemedi. Konumlandýrýlan derlemenin bildirim tanýmý derleme baþvurusuyla eþleþmiyor. (HRESULT özel durum döndürdü: 0x80131040)
Dosya adý: 'EntityFramework, Version=6.0.0.0, Culture=neutral, PublicKeyToken=b77a5c561934e089'
   konum: KBVault.Core.MVC.Authorization.KbVaultAuthHelper.ValidateUser(String userName, String password)
   konum: KBVault.Core.MVC.Authorization.KBVaultMembershipProvider.ValidateUser(String username, String password) e:\src\GitRepo\kiln\OpenSource\KBVault-I\KBVault.Core\MVC\Authorization\KBVaultMembershipProvider.cs içinde: satýr 55

=== Baðlama öncesi durum bilgileri ===
GNLK: DisplayName = EntityFramework, Version=6.0.0.0, Culture=neutral, PublicKeyToken=b77a5c561934e089
 (Fully-specified)
GNLK: Uygulama tabaný= file:///E:/src/GitRepo/kiln/OpenSource/KBVault-I/KBVault.Web/
GNLK: Baþlangýç PrivatePath = E:\src\GitRepo\kiln\OpenSource\KBVault-I\KBVault.Web\bin
Çaðrýyý yapan derleme: KBvault.Dal, Version=1.0.0.0, Culture=neutral, PublicKeyToken=null.
===
GNLK: Bu baðlama default yükü içeriðinden baþlar.
GNLK: Kullanýlan uygulama yapýlandýrma dosyasý: E:\src\GitRepo\kiln\OpenSource\KBVault-I\KBVault.Web\web.config
GNLK: Ana bilgisayar yapýlandýrma dosyasý kullanýlýyor: 
GNLK: C:\Windows\Microsoft.NET\Framework\v4.0.30319\config\machine.config konumundaki makine yapýlandýrma dosyasý kullanýlýyor.
GNLK: Ýlke sonrasý baþvuru: EntityFramework, Version=6.0.0.0, Culture=neutral, PublicKeyToken=b77a5c561934e089
GNLK: Yeni file:///C:/Users/bgunusen/AppData/Local/Temp/Temporary ASP.NET Files/root/1f549553/43dfb614/EntityFramework.DLL URL'sini indirme ükleme giriþiminde bulunuluyor.
GNLK: Yeni file:///C:/Users/bgunusen/AppData/Local/Temp/Temporary ASP.NET Files/root/1f549553/43dfb614/EntityFramework/EntityFramework.DLL URL'sini indirme ükleme giriþiminde bulunuluyor.
GNLK: Yeni file:///E:/src/GitRepo/kiln/OpenSource/KBVault-I/KBVault.Web/bin/EntityFramework.DLL URL'sini indirme ükleme giriþiminde bulunuluyor.
UYR: Derleme adý karþýlaþtýrmasý uyuþmazlýkla sonuçlandý: Ana Sürüm
HATA: Derleme kurulumu tamamlanamadý (hr = 0x80131040). Algýlama sonlandýrýldý.

2014-05-27 14:15:26.3815 ERROR System.IO.FileLoadException: 'EntityFramework, Version=6.0.0.0, Culture=neutral, PublicKeyToken=b77a5c561934e089' dosyasýný veya derlemesini ya da baðýmlýlýklarýndan birini yükleyemedi. Konumlandýrýlan derlemenin bildirim tanýmý derleme baþvurusuyla eþleþmiyor. (HRESULT özel durum döndürdü: 0x80131040)
Dosya adý: 'EntityFramework, Version=6.0.0.0, Culture=neutral, PublicKeyToken=b77a5c561934e089'
   konum: KBVault.Core.MVC.Authorization.KbVaultAuthHelper.ValidateUser(String userName, String password)
   konum: KBVault.Core.MVC.Authorization.KBVaultMembershipProvider.ValidateUser(String username, String password) e:\src\GitRepo\kiln\OpenSource\KBVault-I\KBVault.Core\MVC\Authorization\KBVaultMembershipProvider.cs içinde: satýr 60
   konum: KBVault.Web.Controllers.AccountController.Login(LoginViewModel model) e:\src\GitRepo\kiln\OpenSource\KBVault-I\KBVault.Web\Controllers\AccountController.cs içinde: satýr 42

=== Baðlama öncesi durum bilgileri ===
GNLK: DisplayName = EntityFramework, Version=6.0.0.0, Culture=neutral, PublicKeyToken=b77a5c561934e089
 (Fully-specified)
GNLK: Uygulama tabaný= file:///E:/src/GitRepo/kiln/OpenSource/KBVault-I/KBVault.Web/
GNLK: Baþlangýç PrivatePath = E:\src\GitRepo\kiln\OpenSource\KBVault-I\KBVault.Web\bin
Çaðrýyý yapan derleme: KBvault.Dal, Version=1.0.0.0, Culture=neutral, PublicKeyToken=null.
===
GNLK: Bu baðlama default yükü içeriðinden baþlar.
GNLK: Kullanýlan uygulama yapýlandýrma dosyasý: E:\src\GitRepo\kiln\OpenSource\KBVault-I\KBVault.Web\web.config
GNLK: Ana bilgisayar yapýlandýrma dosyasý kullanýlýyor: 
GNLK: C:\Windows\Microsoft.NET\Framework\v4.0.30319\config\machine.config konumundaki makine yapýlandýrma dosyasý kullanýlýyor.
GNLK: Ýlke sonrasý baþvuru: EntityFramework, Version=6.0.0.0, Culture=neutral, PublicKeyToken=b77a5c561934e089
GNLK: Yeni file:///C:/Users/bgunusen/AppData/Local/Temp/Temporary ASP.NET Files/root/1f549553/43dfb614/EntityFramework.DLL URL'sini indirme ükleme giriþiminde bulunuluyor.
GNLK: Yeni file:///C:/Users/bgunusen/AppData/Local/Temp/Temporary ASP.NET Files/root/1f549553/43dfb614/EntityFramework/EntityFramework.DLL URL'sini indirme ükleme giriþiminde bulunuluyor.
GNLK: Yeni file:///E:/src/GitRepo/kiln/OpenSource/KBVault-I/KBVault.Web/bin/EntityFramework.DLL URL'sini indirme ükleme giriþiminde bulunuluyor.
UYR: Derleme adý karþýlaþtýrmasý uyuþmazlýkla sonuçlandý: Ana Sürüm
HATA: Derleme kurulumu tamamlanamadý (hr = 0x80131040). Algýlama sonlandýrýldý.

2014-05-27 14:15:53.5492 ERROR System.IO.FileLoadException: 'EntityFramework, Version=6.0.0.0, Culture=neutral, PublicKeyToken=b77a5c561934e089' dosyasýný veya derlemesini ya da baðýmlýlýklarýndan birini yükleyemedi. Konumlandýrýlan derlemenin bildirim tanýmý derleme baþvurusuyla eþleþmiyor. (HRESULT özel durum döndürdü: 0x80131040)
Dosya adý: 'EntityFramework, Version=6.0.0.0, Culture=neutral, PublicKeyToken=b77a5c561934e089'
   konum: KBVault.Core.MVC.Authorization.KbVaultAuthHelper.ValidateUser(String userName, String password)
   konum: KBVault.Core.MVC.Authorization.KBVaultMembershipProvider.ValidateUser(String username, String password) e:\src\GitRepo\kiln\OpenSource\KBVault-I\KBVault.Core\MVC\Authorization\KBVaultMembershipProvider.cs içinde: satýr 55

=== Baðlama öncesi durum bilgileri ===
GNLK: DisplayName = EntityFramework, Version=6.0.0.0, Culture=neutral, PublicKeyToken=b77a5c561934e089
 (Fully-specified)
GNLK: Uygulama tabaný= file:///E:/src/GitRepo/kiln/OpenSource/KBVault-I/KBVault.Web/
GNLK: Baþlangýç PrivatePath = E:\src\GitRepo\kiln\OpenSource\KBVault-I\KBVault.Web\bin
Çaðrýyý yapan derleme: KBvault.Dal, Version=1.0.0.0, Culture=neutral, PublicKeyToken=null.
===
GNLK: Bu baðlama default yükü içeriðinden baþlar.
GNLK: Kullanýlan uygulama yapýlandýrma dosyasý: E:\src\GitRepo\kiln\OpenSource\KBVault-I\KBVault.Web\web.config
GNLK: Ana bilgisayar yapýlandýrma dosyasý kullanýlýyor: 
GNLK: C:\Windows\Microsoft.NET\Framework\v4.0.30319\config\machine.config konumundaki makine yapýlandýrma dosyasý kullanýlýyor.
GNLK: Ýlke sonrasý baþvuru: EntityFramework, Version=6.0.0.0, Culture=neutral, PublicKeyToken=b77a5c561934e089
GNLK: Yeni file:///C:/Users/bgunusen/AppData/Local/Temp/Temporary ASP.NET Files/root/1f549553/43dfb614/EntityFramework.DLL URL'sini indirme ükleme giriþiminde bulunuluyor.
GNLK: Yeni file:///C:/Users/bgunusen/AppData/Local/Temp/Temporary ASP.NET Files/root/1f549553/43dfb614/EntityFramework/EntityFramework.DLL URL'sini indirme ükleme giriþiminde bulunuluyor.
GNLK: Yeni file:///E:/src/GitRepo/kiln/OpenSource/KBVault-I/KBVault.Web/bin/EntityFramework.DLL URL'sini indirme ükleme giriþiminde bulunuluyor.
UYR: Derleme adý karþýlaþtýrmasý uyuþmazlýkla sonuçlandý: Ana Sürüm
HATA: Derleme kurulumu tamamlanamadý (hr = 0x80131040). Algýlama sonlandýrýldý.

2014-05-27 14:15:53.5492 ERROR System.IO.FileLoadException: 'EntityFramework, Version=6.0.0.0, Culture=neutral, PublicKeyToken=b77a5c561934e089' dosyasýný veya derlemesini ya da baðýmlýlýklarýndan birini yükleyemedi. Konumlandýrýlan derlemenin bildirim tanýmý derleme baþvurusuyla eþleþmiyor. (HRESULT özel durum döndürdü: 0x80131040)
Dosya adý: 'EntityFramework, Version=6.0.0.0, Culture=neutral, PublicKeyToken=b77a5c561934e089'
   konum: KBVault.Core.MVC.Authorization.KbVaultAuthHelper.ValidateUser(String userName, String password)
   konum: KBVault.Core.MVC.Authorization.KBVaultMembershipProvider.ValidateUser(String username, String password) e:\src\GitRepo\kiln\OpenSource\KBVault-I\KBVault.Core\MVC\Authorization\KBVaultMembershipProvider.cs içinde: satýr 60
   konum: KBVault.Web.Controllers.AccountController.Login(LoginViewModel model) e:\src\GitRepo\kiln\OpenSource\KBVault-I\KBVault.Web\Controllers\AccountController.cs içinde: satýr 42

=== Baðlama öncesi durum bilgileri ===
GNLK: DisplayName = EntityFramework, Version=6.0.0.0, Culture=neutral, PublicKeyToken=b77a5c561934e089
 (Fully-specified)
GNLK: Uygulama tabaný= file:///E:/src/GitRepo/kiln/OpenSource/KBVault-I/KBVault.Web/
GNLK: Baþlangýç PrivatePath = E:\src\GitRepo\kiln\OpenSource\KBVault-I\KBVault.Web\bin
Çaðrýyý yapan derleme: KBvault.Dal, Version=1.0.0.0, Culture=neutral, PublicKeyToken=null.
===
GNLK: Bu baðlama default yükü içeriðinden baþlar.
GNLK: Kullanýlan uygulama yapýlandýrma dosyasý: E:\src\GitRepo\kiln\OpenSource\KBVault-I\KBVault.Web\web.config
GNLK: Ana bilgisayar yapýlandýrma dosyasý kullanýlýyor: 
GNLK: C:\Windows\Microsoft.NET\Framework\v4.0.30319\config\machine.config konumundaki makine yapýlandýrma dosyasý kullanýlýyor.
GNLK: Ýlke sonrasý baþvuru: EntityFramework, Version=6.0.0.0, Culture=neutral, PublicKeyToken=b77a5c561934e089
GNLK: Yeni file:///C:/Users/bgunusen/AppData/Local/Temp/Temporary ASP.NET Files/root/1f549553/43dfb614/EntityFramework.DLL URL'sini indirme ükleme giriþiminde bulunuluyor.
GNLK: Yeni file:///C:/Users/bgunusen/AppData/Local/Temp/Temporary ASP.NET Files/root/1f549553/43dfb614/EntityFramework/EntityFramework.DLL URL'sini indirme ükleme giriþiminde bulunuluyor.
GNLK: Yeni file:///E:/src/GitRepo/kiln/OpenSource/KBVault-I/KBVault.Web/bin/EntityFramework.DLL URL'sini indirme ükleme giriþiminde bulunuluyor.
UYR: Derleme adý karþýlaþtýrmasý uyuþmazlýkla sonuçlandý: Ana Sürüm
HATA: Derleme kurulumu tamamlanamadý (hr = 0x80131040). Algýlama sonlandýrýldý.

2014-05-27 14:16:42.3331 ERROR System.IO.FileLoadException: 'EntityFramework, Version=6.0.0.0, Culture=neutral, PublicKeyToken=b77a5c561934e089' dosyasýný veya derlemesini ya da baðýmlýlýklarýndan birini yükleyemedi. Konumlandýrýlan derlemenin bildirim tanýmý derleme baþvurusuyla eþleþmiyor. (HRESULT özel durum döndürdü: 0x80131040)
Dosya adý: 'EntityFramework, Version=6.0.0.0, Culture=neutral, PublicKeyToken=b77a5c561934e089'
   konum: KBVault.Core.MVC.Authorization.KbVaultAuthHelper.ValidateUser(String userName, String password)
   konum: KBVault.Core.MVC.Authorization.KBVaultMembershipProvider.ValidateUser(String username, String password) e:\src\GitRepo\kiln\OpenSource\KBVault-I\KBVault.Core\MVC\Authorization\KBVaultMembershipProvider.cs içinde: satýr 55

=== Baðlama öncesi durum bilgileri ===
GNLK: DisplayName = EntityFramework, Version=6.0.0.0, Culture=neutral, PublicKeyToken=b77a5c561934e089
 (Fully-specified)
GNLK: Uygulama tabaný= file:///E:/src/GitRepo/kiln/OpenSource/KBVault-I/KBVault.Web/
GNLK: Baþlangýç PrivatePath = E:\src\GitRepo\kiln\OpenSource\KBVault-I\KBVault.Web\bin
Çaðrýyý yapan derleme: KBvault.Dal, Version=1.0.0.0, Culture=neutral, PublicKeyToken=null.
===
GNLK: Bu baðlama default yükü içeriðinden baþlar.
GNLK: Kullanýlan uygulama yapýlandýrma dosyasý: E:\src\GitRepo\kiln\OpenSource\KBVault-I\KBVault.Web\web.config
GNLK: Ana bilgisayar yapýlandýrma dosyasý kullanýlýyor: 
GNLK: C:\Windows\Microsoft.NET\Framework\v4.0.30319\config\machine.config konumundaki makine yapýlandýrma dosyasý kullanýlýyor.
GNLK: Ýlke sonrasý baþvuru: EntityFramework, Version=6.0.0.0, Culture=neutral, PublicKeyToken=b77a5c561934e089
GNLK: Yeni file:///C:/Users/bgunusen/AppData/Local/Temp/Temporary ASP.NET Files/root/1f549553/43dfb614/EntityFramework.DLL URL'sini indirme ükleme giriþiminde bulunuluyor.
GNLK: Yeni file:///C:/Users/bgunusen/AppData/Local/Temp/Temporary ASP.NET Files/root/1f549553/43dfb614/EntityFramework/EntityFramework.DLL URL'sini indirme ükleme giriþiminde bulunuluyor.
GNLK: Yeni file:///E:/src/GitRepo/kiln/OpenSource/KBVault-I/KBVault.Web/bin/EntityFramework.DLL URL'sini indirme ükleme giriþiminde bulunuluyor.
UYR: Derleme adý karþýlaþtýrmasý uyuþmazlýkla sonuçlandý: Ana Sürüm
HATA: Derleme kurulumu tamamlanamadý (hr = 0x80131040). Algýlama sonlandýrýldý.

2014-05-27 14:16:42.3581 ERROR System.IO.FileLoadException: 'EntityFramework, Version=6.0.0.0, Culture=neutral, PublicKeyToken=b77a5c561934e089' dosyasýný veya derlemesini ya da baðýmlýlýklarýndan birini yükleyemedi. Konumlandýrýlan derlemenin bildirim tanýmý derleme baþvurusuyla eþleþmiyor. (HRESULT özel durum döndürdü: 0x80131040)
Dosya adý: 'EntityFramework, Version=6.0.0.0, Culture=neutral, PublicKeyToken=b77a5c561934e089'
   konum: KBVault.Core.MVC.Authorization.KbVaultAuthHelper.ValidateUser(String userName, String password)
   konum: KBVault.Core.MVC.Authorization.KBVaultMembershipProvider.ValidateUser(String username, String password) e:\src\GitRepo\kiln\OpenSource\KBVault-I\KBVault.Core\MVC\Authorization\KBVaultMembershipProvider.cs içinde: satýr 60
   konum: KBVault.Web.Controllers.AccountController.Login(LoginViewModel model) e:\src\GitRepo\kiln\OpenSource\KBVault-I\KBVault.Web\Controllers\AccountController.cs içinde: satýr 42

=== Baðlama öncesi durum bilgileri ===
GNLK: DisplayName = EntityFramework, Version=6.0.0.0, Culture=neutral, PublicKeyToken=b77a5c561934e089
 (Fully-specified)
GNLK: Uygulama tabaný= file:///E:/src/GitRepo/kiln/OpenSource/KBVault-I/KBVault.Web/
GNLK: Baþlangýç PrivatePath = E:\src\GitRepo\kiln\OpenSource\KBVault-I\KBVault.Web\bin
Çaðrýyý yapan derleme: KBvault.Dal, Version=1.0.0.0, Culture=neutral, PublicKeyToken=null.
===
GNLK: Bu baðlama default yükü içeriðinden baþlar.
GNLK: Kullanýlan uygulama yapýlandýrma dosyasý: E:\src\GitRepo\kiln\OpenSource\KBVault-I\KBVault.Web\web.config
GNLK: Ana bilgisayar yapýlandýrma dosyasý kullanýlýyor: 
GNLK: C:\Windows\Microsoft.NET\Framework\v4.0.30319\config\machine.config konumundaki makine yapýlandýrma dosyasý kullanýlýyor.
GNLK: Ýlke sonrasý baþvuru: EntityFramework, Version=6.0.0.0, Culture=neutral, PublicKeyToken=b77a5c561934e089
GNLK: Yeni file:///C:/Users/bgunusen/AppData/Local/Temp/Temporary ASP.NET Files/root/1f549553/43dfb614/EntityFramework.DLL URL'sini indirme ükleme giriþiminde bulunuluyor.
GNLK: Yeni file:///C:/Users/bgunusen/AppData/Local/Temp/Temporary ASP.NET Files/root/1f549553/43dfb614/EntityFramework/EntityFramework.DLL URL'sini indirme ükleme giriþiminde bulunuluyor.
GNLK: Yeni file:///E:/src/GitRepo/kiln/OpenSource/KBVault-I/KBVault.Web/bin/EntityFramework.DLL URL'sini indirme ükleme giriþiminde bulunuluyor.
UYR: Derleme adý karþýlaþtýrmasý uyuþmazlýkla sonuçlandý: Ana Sürüm
HATA: Derleme kurulumu tamamlanamadý (hr = 0x80131040). Algýlama sonlandýrýldý.

2014-05-27 14:18:58.0196 ERROR System.IO.FileLoadException: 'EntityFramework, Version=6.0.0.0, Culture=neutral, PublicKeyToken=b77a5c561934e089' dosyasýný veya derlemesini ya da baðýmlýlýklarýndan birini yükleyemedi. Konumlandýrýlan derlemenin bildirim tanýmý derleme baþvurusuyla eþleþmiyor. (HRESULT özel durum döndürdü: 0x80131040)
Dosya adý: 'EntityFramework, Version=6.0.0.0, Culture=neutral, PublicKeyToken=b77a5c561934e089'
   konum: KBVault.Core.MVC.Authorization.KbVaultAuthHelper.ValidateUser(String userName, String password)
   konum: KBVault.Core.MVC.Authorization.KBVaultMembershipProvider.ValidateUser(String username, String password) e:\src\GitRepo\kiln\OpenSource\KBVault-I\KBVault.Core\MVC\Authorization\KBVaultMembershipProvider.cs içinde: satýr 55

=== Baðlama öncesi durum bilgileri ===
GNLK: DisplayName = EntityFramework, Version=6.0.0.0, Culture=neutral, PublicKeyToken=b77a5c561934e089
 (Fully-specified)
GNLK: Uygulama tabaný= file:///E:/src/GitRepo/kiln/OpenSource/KBVault-I/KBVault.Web/
GNLK: Baþlangýç PrivatePath = E:\src\GitRepo\kiln\OpenSource\KBVault-I\KBVault.Web\bin
Çaðrýyý yapan derleme: KBvault.Dal, Version=1.0.0.0, Culture=neutral, PublicKeyToken=null.
===
GNLK: Bu baðlama default yükü içeriðinden baþlar.
GNLK: Kullanýlan uygulama yapýlandýrma dosyasý: E:\src\GitRepo\kiln\OpenSource\KBVault-I\KBVault.Web\web.config
GNLK: Ana bilgisayar yapýlandýrma dosyasý kullanýlýyor: 
GNLK: C:\Windows\Microsoft.NET\Framework\v4.0.30319\config\machine.config konumundaki makine yapýlandýrma dosyasý kullanýlýyor.
GNLK: Ýlke sonrasý baþvuru: EntityFramework, Version=6.0.0.0, Culture=neutral, PublicKeyToken=b77a5c561934e089
GNLK: Yeni file:///C:/Users/bgunusen/AppData/Local/Temp/Temporary ASP.NET Files/root/1f549553/43dfb614/EntityFramework.DLL URL'sini indirme ükleme giriþiminde bulunuluyor.
GNLK: Yeni file:///C:/Users/bgunusen/AppData/Local/Temp/Temporary ASP.NET Files/root/1f549553/43dfb614/EntityFramework/EntityFramework.DLL URL'sini indirme ükleme giriþiminde bulunuluyor.
GNLK: Yeni file:///E:/src/GitRepo/kiln/OpenSource/KBVault-I/KBVault.Web/bin/EntityFramework.DLL URL'sini indirme ükleme giriþiminde bulunuluyor.
UYR: Derleme adý karþýlaþtýrmasý uyuþmazlýkla sonuçlandý: Ana Sürüm
HATA: Derleme kurulumu tamamlanamadý (hr = 0x80131040). Algýlama sonlandýrýldý.

2014-05-27 14:18:58.0356 ERROR System.IO.FileLoadException: 'EntityFramework, Version=6.0.0.0, Culture=neutral, PublicKeyToken=b77a5c561934e089' dosyasýný veya derlemesini ya da baðýmlýlýklarýndan birini yükleyemedi. Konumlandýrýlan derlemenin bildirim tanýmý derleme baþvurusuyla eþleþmiyor. (HRESULT özel durum döndürdü: 0x80131040)
Dosya adý: 'EntityFramework, Version=6.0.0.0, Culture=neutral, PublicKeyToken=b77a5c561934e089'
   konum: KBVault.Core.MVC.Authorization.KbVaultAuthHelper.ValidateUser(String userName, String password)
   konum: KBVault.Core.MVC.Authorization.KBVaultMembershipProvider.ValidateUser(String username, String password) e:\src\GitRepo\kiln\OpenSource\KBVault-I\KBVault.Core\MVC\Authorization\KBVaultMembershipProvider.cs içinde: satýr 60
   konum: KBVault.Web.Controllers.AccountController.Login(LoginViewModel model) e:\src\GitRepo\kiln\OpenSource\KBVault-I\KBVault.Web\Controllers\AccountController.cs içinde: satýr 42

=== Baðlama öncesi durum bilgileri ===
GNLK: DisplayName = EntityFramework, Version=6.0.0.0, Culture=neutral, PublicKeyToken=b77a5c561934e089
 (Fully-specified)
GNLK: Uygulama tabaný= file:///E:/src/GitRepo/kiln/OpenSource/KBVault-I/KBVault.Web/
GNLK: Baþlangýç PrivatePath = E:\src\GitRepo\kiln\OpenSource\KBVault-I\KBVault.Web\bin
Çaðrýyý yapan derleme: KBvault.Dal, Version=1.0.0.0, Culture=neutral, PublicKeyToken=null.
===
GNLK: Bu baðlama default yükü içeriðinden baþlar.
GNLK: Kullanýlan uygulama yapýlandýrma dosyasý: E:\src\GitRepo\kiln\OpenSource\KBVault-I\KBVault.Web\web.config
GNLK: Ana bilgisayar yapýlandýrma dosyasý kullanýlýyor: 
GNLK: C:\Windows\Microsoft.NET\Framework\v4.0.30319\config\machine.config konumundaki makine yapýlandýrma dosyasý kullanýlýyor.
GNLK: Ýlke sonrasý baþvuru: EntityFramework, Version=6.0.0.0, Culture=neutral, PublicKeyToken=b77a5c561934e089
GNLK: Yeni file:///C:/Users/bgunusen/AppData/Local/Temp/Temporary ASP.NET Files/root/1f549553/43dfb614/EntityFramework.DLL URL'sini indirme ükleme giriþiminde bulunuluyor.
GNLK: Yeni file:///C:/Users/bgunusen/AppData/Local/Temp/Temporary ASP.NET Files/root/1f549553/43dfb614/EntityFramework/EntityFramework.DLL URL'sini indirme ükleme giriþiminde bulunuluyor.
GNLK: Yeni file:///E:/src/GitRepo/kiln/OpenSource/KBVault-I/KBVault.Web/bin/EntityFramework.DLL URL'sini indirme ükleme giriþiminde bulunuluyor.
UYR: Derleme adý karþýlaþtýrmasý uyuþmazlýkla sonuçlandý: Ana Sürüm
HATA: Derleme kurulumu tamamlanamadý (hr = 0x80131040). Algýlama sonlandýrýldý.

2014-05-27 14:21:56.1494 ERROR System.IO.FileLoadException: 'EntityFramework, Version=6.0.0.0, Culture=neutral, PublicKeyToken=b77a5c561934e089' dosyasýný veya derlemesini ya da baðýmlýlýklarýndan birini yükleyemedi. Konumlandýrýlan derlemenin bildirim tanýmý derleme baþvurusuyla eþleþmiyor. (HRESULT özel durum döndürdü: 0x80131040)
Dosya adý: 'EntityFramework, Version=6.0.0.0, Culture=neutral, PublicKeyToken=b77a5c561934e089'
   konum: KBVault.Core.MVC.Authorization.KbVaultAuthHelper.ValidateUser(String userName, String password)
   konum: KBVault.Core.MVC.Authorization.KBVaultMembershipProvider.ValidateUser(String username, String password) e:\src\GitRepo\kiln\OpenSource\KBVault-I\KBVault.Core\MVC\Authorization\KBVaultMembershipProvider.cs içinde: satýr 55

=== Baðlama öncesi durum bilgileri ===
GNLK: DisplayName = EntityFramework, Version=6.0.0.0, Culture=neutral, PublicKeyToken=b77a5c561934e089
 (Fully-specified)
GNLK: Uygulama tabaný= file:///E:/src/GitRepo/kiln/OpenSource/KBVault-I/KBVault.Web/
GNLK: Baþlangýç PrivatePath = E:\src\GitRepo\kiln\OpenSource\KBVault-I\KBVault.Web\bin
Çaðrýyý yapan derleme: EntityFramework.SqlServer, Version=6.0.0.0, Culture=neutral, PublicKeyToken=b77a5c561934e089.
===
GNLK: Bu baðlama default yükü içeriðinden baþlar.
GNLK: Kullanýlan uygulama yapýlandýrma dosyasý: E:\src\GitRepo\kiln\OpenSource\KBVault-I\KBVault.Web\web.config
GNLK: Ana bilgisayar yapýlandýrma dosyasý kullanýlýyor: 
GNLK: C:\Windows\Microsoft.NET\Framework\v4.0.30319\config\machine.config konumundaki makine yapýlandýrma dosyasý kullanýlýyor.
GNLK: Ýlke sonrasý baþvuru: EntityFramework, Version=6.0.0.0, Culture=neutral, PublicKeyToken=b77a5c561934e089
GNLK: Yeni file:///C:/Users/bgunusen/AppData/Local/Temp/Temporary ASP.NET Files/root/1f549553/43dfb614/EntityFramework.DLL URL'sini indirme ükleme giriþiminde bulunuluyor.
GNLK: Yeni file:///C:/Users/bgunusen/AppData/Local/Temp/Temporary ASP.NET Files/root/1f549553/43dfb614/EntityFramework/EntityFramework.DLL URL'sini indirme ükleme giriþiminde bulunuluyor.
GNLK: Yeni file:///E:/src/GitRepo/kiln/OpenSource/KBVault-I/KBVault.Web/bin/EntityFramework.DLL URL'sini indirme ükleme giriþiminde bulunuluyor.
UYR: Derleme adý karþýlaþtýrmasý uyuþmazlýkla sonuçlandý: Ana Sürüm
HATA: Derleme kurulumu tamamlanamadý (hr = 0x80131040). Algýlama sonlandýrýldý.

2014-05-27 14:21:56.1714 ERROR System.IO.FileLoadException: 'EntityFramework, Version=6.0.0.0, Culture=neutral, PublicKeyToken=b77a5c561934e089' dosyasýný veya derlemesini ya da baðýmlýlýklarýndan birini yükleyemedi. Konumlandýrýlan derlemenin bildirim tanýmý derleme baþvurusuyla eþleþmiyor. (HRESULT özel durum döndürdü: 0x80131040)
Dosya adý: 'EntityFramework, Version=6.0.0.0, Culture=neutral, PublicKeyToken=b77a5c561934e089'
   konum: KBVault.Core.MVC.Authorization.KbVaultAuthHelper.ValidateUser(String userName, String password)
   konum: KBVault.Core.MVC.Authorization.KBVaultMembershipProvider.ValidateUser(String username, String password) e:\src\GitRepo\kiln\OpenSource\KBVault-I\KBVault.Core\MVC\Authorization\KBVaultMembershipProvider.cs içinde: satýr 60
   konum: KBVault.Web.Controllers.AccountController.Login(LoginViewModel model) e:\src\GitRepo\kiln\OpenSource\KBVault-I\KBVault.Web\Controllers\AccountController.cs içinde: satýr 42

=== Baðlama öncesi durum bilgileri ===
GNLK: DisplayName = EntityFramework, Version=6.0.0.0, Culture=neutral, PublicKeyToken=b77a5c561934e089
 (Fully-specified)
GNLK: Uygulama tabaný= file:///E:/src/GitRepo/kiln/OpenSource/KBVault-I/KBVault.Web/
GNLK: Baþlangýç PrivatePath = E:\src\GitRepo\kiln\OpenSource\KBVault-I\KBVault.Web\bin
Çaðrýyý yapan derleme: EntityFramework.SqlServer, Version=6.0.0.0, Culture=neutral, PublicKeyToken=b77a5c561934e089.
===
GNLK: Bu baðlama default yükü içeriðinden baþlar.
GNLK: Kullanýlan uygulama yapýlandýrma dosyasý: E:\src\GitRepo\kiln\OpenSource\KBVault-I\KBVault.Web\web.config
GNLK: Ana bilgisayar yapýlandýrma dosyasý kullanýlýyor: 
GNLK: C:\Windows\Microsoft.NET\Framework\v4.0.30319\config\machine.config konumundaki makine yapýlandýrma dosyasý kullanýlýyor.
GNLK: Ýlke sonrasý baþvuru: EntityFramework, Version=6.0.0.0, Culture=neutral, PublicKeyToken=b77a5c561934e089
GNLK: Yeni file:///C:/Users/bgunusen/AppData/Local/Temp/Temporary ASP.NET Files/root/1f549553/43dfb614/EntityFramework.DLL URL'sini indirme ükleme giriþiminde bulunuluyor.
GNLK: Yeni file:///C:/Users/bgunusen/AppData/Local/Temp/Temporary ASP.NET Files/root/1f549553/43dfb614/EntityFramework/EntityFramework.DLL URL'sini indirme ükleme giriþiminde bulunuluyor.
GNLK: Yeni file:///E:/src/GitRepo/kiln/OpenSource/KBVault-I/KBVault.Web/bin/EntityFramework.DLL URL'sini indirme ükleme giriþiminde bulunuluyor.
UYR: Derleme adý karþýlaþtýrmasý uyuþmazlýkla sonuçlandý: Ana Sürüm
HATA: Derleme kurulumu tamamlanamadý (hr = 0x80131040). Algýlama sonlandýrýldý.

2014-05-27 14:30:23.4562 ERROR System.Data.MetadataException: Belirtilen meta veri kaynaðý yüklenemiyor.
   konum: System.Data.Metadata.Edm.MetadataArtifactLoaderCompositeResource.LoadResources(String assemblyName, String resourceName, ICollection`1 uriRegistry, MetadataArtifactAssemblyResolver resolver)
   konum: System.Data.Metadata.Edm.MetadataArtifactLoaderCompositeResource..ctor(String originalPath, String assemblyName, String resourceName, ICollection`1 uriRegistry, MetadataArtifactAssemblyResolver resolver)
   konum: System.Data.Metadata.Edm.MetadataArtifactLoaderCompositeResource.CreateResourceLoader(String path, ExtensionCheck extensionCheck, String validExtension, ICollection`1 uriRegistry, MetadataArtifactAssemblyResolver resolver)
   konum: System.Data.Metadata.Edm.MetadataArtifactLoader.Create(String path, ExtensionCheck extensionCheck, String validExtension, ICollection`1 uriRegistry, MetadataArtifactAssemblyResolver resolver)
   konum: System.Data.Metadata.Edm.MetadataCache.SplitPaths(String paths)
   konum: System.Data.Common.Utils.Memoizer`2.<>c__DisplayClass2.<Evaluate>b__0()
   konum: System.Data.Common.Utils.Memoizer`2.Result.GetValue()
   konum: System.Data.Common.Utils.Memoizer`2.Evaluate(TArg arg)
   konum: System.Data.EntityClient.EntityConnection.GetMetadataWorkspace(Boolean initializeAllCollections)
   konum: System.Data.Objects.ObjectContext.RetrieveMetadataWorkspaceFromConnection()
   konum: System.Data.Objects.ObjectContext..ctor(EntityConnection connection, Boolean isConnectionConstructor)
   konum: System.Data.Objects.ObjectContext..ctor(EntityConnection connection)
   konum: System.Data.Entity.Internal.InternalConnection.CreateObjectContextFromConnectionModel()
   konum: System.Data.Entity.Internal.LazyInternalConnection.CreateObjectContextFromConnectionModel()
   konum: System.Data.Entity.Internal.LazyInternalContext.InitializeContext()
   konum: System.Data.Entity.Internal.InternalContext.Initialize()
   konum: System.Data.Entity.Internal.InternalContext.GetEntitySetAndBaseTypeForType(Type entityType)
   konum: System.Data.Entity.Internal.Linq.InternalSet`1.Initialize()
   konum: System.Data.Entity.Internal.Linq.InternalSet`1.get_InternalContext()
   konum: System.Data.Entity.Infrastructure.DbQuery`1.System.Linq.IQueryable.get_Provider()
   konum: System.Linq.Queryable.FirstOrDefault[TSource](IQueryable`1 source, Expression`1 predicate)
   konum: KBVault.Core.MVC.Authorization.KbVaultAuthHelper.GetKbUser(String userName) e:\src\GitRepo\kiln\OpenSource\KBVault-I\KBVault.Core\MVC\Authorization\KbVaultAuthHelper.cs içinde: satýr 22
   konum: KBVault.Core.MVC.Authorization.KbVaultAuthHelper.ValidateUser(String userName, String password) e:\src\GitRepo\kiln\OpenSource\KBVault-I\KBVault.Core\MVC\Authorization\KbVaultAuthHelper.cs içinde: satýr 73
2014-05-27 14:30:23.5342 ERROR System.Data.MetadataException: Belirtilen meta veri kaynaðý yüklenemiyor.
   konum: System.Data.Metadata.Edm.MetadataArtifactLoaderCompositeResource.LoadResources(String assemblyName, String resourceName, ICollection`1 uriRegistry, MetadataArtifactAssemblyResolver resolver)
   konum: System.Data.Metadata.Edm.MetadataArtifactLoaderCompositeResource..ctor(String originalPath, String assemblyName, String resourceName, ICollection`1 uriRegistry, MetadataArtifactAssemblyResolver resolver)
   konum: System.Data.Metadata.Edm.MetadataArtifactLoaderCompositeResource.CreateResourceLoader(String path, ExtensionCheck extensionCheck, String validExtension, ICollection`1 uriRegistry, MetadataArtifactAssemblyResolver resolver)
   konum: System.Data.Metadata.Edm.MetadataArtifactLoader.Create(String path, ExtensionCheck extensionCheck, String validExtension, ICollection`1 uriRegistry, MetadataArtifactAssemblyResolver resolver)
   konum: System.Data.Metadata.Edm.MetadataCache.SplitPaths(String paths)
   konum: System.Data.Common.Utils.Memoizer`2.<>c__DisplayClass2.<Evaluate>b__0()
   konum: System.Data.Common.Utils.Memoizer`2.Result.GetValue()
   konum: System.Data.Common.Utils.Memoizer`2.Evaluate(TArg arg)
   konum: System.Data.EntityClient.EntityConnection.GetMetadataWorkspace(Boolean initializeAllCollections)
   konum: System.Data.Objects.ObjectContext.RetrieveMetadataWorkspaceFromConnection()
   konum: System.Data.Objects.ObjectContext..ctor(EntityConnection connection, Boolean isConnectionConstructor)
   konum: System.Data.Objects.ObjectContext..ctor(EntityConnection connection)
   konum: System.Data.Entity.Internal.InternalConnection.CreateObjectContextFromConnectionModel()
   konum: System.Data.Entity.Internal.LazyInternalConnection.CreateObjectContextFromConnectionModel()
   konum: System.Data.Entity.Internal.LazyInternalContext.InitializeContext()
   konum: System.Data.Entity.Internal.InternalContext.Initialize()
   konum: System.Data.Entity.Internal.InternalContext.GetEntitySetAndBaseTypeForType(Type entityType)
   konum: System.Data.Entity.Internal.Linq.InternalSet`1.Initialize()
   konum: System.Data.Entity.Internal.Linq.InternalSet`1.get_InternalContext()
   konum: System.Data.Entity.Infrastructure.DbQuery`1.System.Linq.IQueryable.get_Provider()
   konum: System.Linq.Queryable.FirstOrDefault[TSource](IQueryable`1 source, Expression`1 predicate)
   konum: KBVault.Core.MVC.Authorization.KbVaultAuthHelper.GetKbUser(String userName) e:\src\GitRepo\kiln\OpenSource\KBVault-I\KBVault.Core\MVC\Authorization\KbVaultAuthHelper.cs içinde: satýr 22
   konum: KBVault.Core.MVC.Authorization.KbVaultAuthHelper.ValidateUser(String userName, String password) e:\src\GitRepo\kiln\OpenSource\KBVault-I\KBVault.Core\MVC\Authorization\KbVaultAuthHelper.cs içinde: satýr 83
   konum: KBVault.Core.MVC.Authorization.KBVaultMembershipProvider.ValidateUser(String username, String password) e:\src\GitRepo\kiln\OpenSource\KBVault-I\KBVault.Core\MVC\Authorization\KBVaultMembershipProvider.cs içinde: satýr 55
2014-05-27 14:30:23.5342 ERROR System.Data.MetadataException: Belirtilen meta veri kaynaðý yüklenemiyor.
   konum: System.Data.Metadata.Edm.MetadataArtifactLoaderCompositeResource.LoadResources(String assemblyName, String resourceName, ICollection`1 uriRegistry, MetadataArtifactAssemblyResolver resolver)
   konum: System.Data.Metadata.Edm.MetadataArtifactLoaderCompositeResource..ctor(String originalPath, String assemblyName, String resourceName, ICollection`1 uriRegistry, MetadataArtifactAssemblyResolver resolver)
   konum: System.Data.Metadata.Edm.MetadataArtifactLoaderCompositeResource.CreateResourceLoader(String path, ExtensionCheck extensionCheck, String validExtension, ICollection`1 uriRegistry, MetadataArtifactAssemblyResolver resolver)
   konum: System.Data.Metadata.Edm.MetadataArtifactLoader.Create(String path, ExtensionCheck extensionCheck, String validExtension, ICollection`1 uriRegistry, MetadataArtifactAssemblyResolver resolver)
   konum: System.Data.Metadata.Edm.MetadataCache.SplitPaths(String paths)
   konum: System.Data.Common.Utils.Memoizer`2.<>c__DisplayClass2.<Evaluate>b__0()
   konum: System.Data.Common.Utils.Memoizer`2.Result.GetValue()
   konum: System.Data.Common.Utils.Memoizer`2.Evaluate(TArg arg)
   konum: System.Data.EntityClient.EntityConnection.GetMetadataWorkspace(Boolean initializeAllCollections)
   konum: System.Data.Objects.ObjectContext.RetrieveMetadataWorkspaceFromConnection()
   konum: System.Data.Objects.ObjectContext..ctor(EntityConnection connection, Boolean isConnectionConstructor)
   konum: System.Data.Objects.ObjectContext..ctor(EntityConnection connection)
   konum: System.Data.Entity.Internal.InternalConnection.CreateObjectContextFromConnectionModel()
   konum: System.Data.Entity.Internal.LazyInternalConnection.CreateObjectContextFromConnectionModel()
   konum: System.Data.Entity.Internal.LazyInternalContext.InitializeContext()
   konum: System.Data.Entity.Internal.InternalContext.Initialize()
   konum: System.Data.Entity.Internal.InternalContext.GetEntitySetAndBaseTypeForType(Type entityType)
   konum: System.Data.Entity.Internal.Linq.InternalSet`1.Initialize()
   konum: System.Data.Entity.Internal.Linq.InternalSet`1.get_InternalContext()
   konum: System.Data.Entity.Infrastructure.DbQuery`1.System.Linq.IQueryable.get_Provider()
   konum: System.Linq.Queryable.FirstOrDefault[TSource](IQueryable`1 source, Expression`1 predicate)
   konum: KBVault.Core.MVC.Authorization.KbVaultAuthHelper.GetKbUser(String userName) e:\src\GitRepo\kiln\OpenSource\KBVault-I\KBVault.Core\MVC\Authorization\KbVaultAuthHelper.cs içinde: satýr 22
   konum: KBVault.Core.MVC.Authorization.KbVaultAuthHelper.ValidateUser(String userName, String password) e:\src\GitRepo\kiln\OpenSource\KBVault-I\KBVault.Core\MVC\Authorization\KbVaultAuthHelper.cs içinde: satýr 83
   konum: KBVault.Core.MVC.Authorization.KBVaultMembershipProvider.ValidateUser(String username, String password) e:\src\GitRepo\kiln\OpenSource\KBVault-I\KBVault.Core\MVC\Authorization\KBVaultMembershipProvider.cs içinde: satýr 60
   konum: KBVault.Web.Controllers.AccountController.Login(LoginViewModel model) e:\src\GitRepo\kiln\OpenSource\KBVault-I\KBVault.Web\Controllers\AccountController.cs içinde: satýr 42
2014-05-27 14:30:47.4586 ERROR System.Data.MetadataException: Belirtilen meta veri kaynaðý yüklenemiyor.
   konum: System.Data.Metadata.Edm.MetadataArtifactLoaderCompositeResource.LoadResources(String assemblyName, String resourceName, ICollection`1 uriRegistry, MetadataArtifactAssemblyResolver resolver)
   konum: System.Data.Metadata.Edm.MetadataArtifactLoaderCompositeResource..ctor(String originalPath, String assemblyName, String resourceName, ICollection`1 uriRegistry, MetadataArtifactAssemblyResolver resolver)
   konum: System.Data.Metadata.Edm.MetadataArtifactLoaderCompositeResource.CreateResourceLoader(String path, ExtensionCheck extensionCheck, String validExtension, ICollection`1 uriRegistry, MetadataArtifactAssemblyResolver resolver)
   konum: System.Data.Metadata.Edm.MetadataArtifactLoader.Create(String path, ExtensionCheck extensionCheck, String validExtension, ICollection`1 uriRegistry, MetadataArtifactAssemblyResolver resolver)
   konum: System.Data.Metadata.Edm.MetadataCache.SplitPaths(String paths)
   konum: System.Data.Common.Utils.Memoizer`2.<>c__DisplayClass2.<Evaluate>b__0()
   konum: System.Data.Common.Utils.Memoizer`2.Result.GetValue()
   konum: System.Data.Common.Utils.Memoizer`2.Evaluate(TArg arg)
   konum: System.Data.EntityClient.EntityConnection.GetMetadataWorkspace(Boolean initializeAllCollections)
   konum: System.Data.Objects.ObjectContext.RetrieveMetadataWorkspaceFromConnection()
   konum: System.Data.Objects.ObjectContext..ctor(EntityConnection connection, Boolean isConnectionConstructor)
   konum: System.Data.Objects.ObjectContext..ctor(EntityConnection connection)
   konum: System.Data.Entity.Internal.InternalConnection.CreateObjectContextFromConnectionModel()
   konum: System.Data.Entity.Internal.LazyInternalConnection.CreateObjectContextFromConnectionModel()
   konum: System.Data.Entity.Internal.LazyInternalContext.InitializeContext()
   konum: System.Data.Entity.Internal.InternalContext.Initialize()
   konum: System.Data.Entity.Internal.InternalContext.GetEntitySetAndBaseTypeForType(Type entityType)
   konum: System.Data.Entity.Internal.Linq.InternalSet`1.Initialize()
   konum: System.Data.Entity.Internal.Linq.InternalSet`1.get_InternalContext()
   konum: System.Data.Entity.Infrastructure.DbQuery`1.System.Linq.IQueryable.get_Provider()
   konum: System.Linq.Queryable.FirstOrDefault[TSource](IQueryable`1 source, Expression`1 predicate)
   konum: KBVault.Core.MVC.Authorization.KbVaultAuthHelper.GetKbUser(String userName) e:\src\GitRepo\kiln\OpenSource\KBVault-I\KBVault.Core\MVC\Authorization\KbVaultAuthHelper.cs içinde: satýr 22
   konum: KBVault.Core.MVC.Authorization.KbVaultAuthHelper.ValidateUser(String userName, String password) e:\src\GitRepo\kiln\OpenSource\KBVault-I\KBVault.Core\MVC\Authorization\KbVaultAuthHelper.cs içinde: satýr 73
2014-05-27 14:30:47.4856 ERROR System.Data.MetadataException: Belirtilen meta veri kaynaðý yüklenemiyor.
   konum: System.Data.Metadata.Edm.MetadataArtifactLoaderCompositeResource.LoadResources(String assemblyName, String resourceName, ICollection`1 uriRegistry, MetadataArtifactAssemblyResolver resolver)
   konum: System.Data.Metadata.Edm.MetadataArtifactLoaderCompositeResource..ctor(String originalPath, String assemblyName, String resourceName, ICollection`1 uriRegistry, MetadataArtifactAssemblyResolver resolver)
   konum: System.Data.Metadata.Edm.MetadataArtifactLoaderCompositeResource.CreateResourceLoader(String path, ExtensionCheck extensionCheck, String validExtension, ICollection`1 uriRegistry, MetadataArtifactAssemblyResolver resolver)
   konum: System.Data.Metadata.Edm.MetadataArtifactLoader.Create(String path, ExtensionCheck extensionCheck, String validExtension, ICollection`1 uriRegistry, MetadataArtifactAssemblyResolver resolver)
   konum: System.Data.Metadata.Edm.MetadataCache.SplitPaths(String paths)
   konum: System.Data.Common.Utils.Memoizer`2.<>c__DisplayClass2.<Evaluate>b__0()
   konum: System.Data.Common.Utils.Memoizer`2.Result.GetValue()
   konum: System.Data.Common.Utils.Memoizer`2.Evaluate(TArg arg)
   konum: System.Data.EntityClient.EntityConnection.GetMetadataWorkspace(Boolean initializeAllCollections)
   konum: System.Data.Objects.ObjectContext.RetrieveMetadataWorkspaceFromConnection()
   konum: System.Data.Objects.ObjectContext..ctor(EntityConnection connection, Boolean isConnectionConstructor)
   konum: System.Data.Objects.ObjectContext..ctor(EntityConnection connection)
   konum: System.Data.Entity.Internal.InternalConnection.CreateObjectContextFromConnectionModel()
   konum: System.Data.Entity.Internal.LazyInternalConnection.CreateObjectContextFromConnectionModel()
   konum: System.Data.Entity.Internal.LazyInternalContext.InitializeContext()
   konum: System.Data.Entity.Internal.InternalContext.Initialize()
   konum: System.Data.Entity.Internal.InternalContext.GetEntitySetAndBaseTypeForType(Type entityType)
   konum: System.Data.Entity.Internal.Linq.InternalSet`1.Initialize()
   konum: System.Data.Entity.Internal.Linq.InternalSet`1.get_InternalContext()
   konum: System.Data.Entity.Infrastructure.DbQuery`1.System.Linq.IQueryable.get_Provider()
   konum: System.Linq.Queryable.FirstOrDefault[TSource](IQueryable`1 source, Expression`1 predicate)
   konum: KBVault.Core.MVC.Authorization.KbVaultAuthHelper.GetKbUser(String userName) e:\src\GitRepo\kiln\OpenSource\KBVault-I\KBVault.Core\MVC\Authorization\KbVaultAuthHelper.cs içinde: satýr 22
   konum: KBVault.Core.MVC.Authorization.KbVaultAuthHelper.ValidateUser(String userName, String password) e:\src\GitRepo\kiln\OpenSource\KBVault-I\KBVault.Core\MVC\Authorization\KbVaultAuthHelper.cs içinde: satýr 83
   konum: KBVault.Core.MVC.Authorization.KBVaultMembershipProvider.ValidateUser(String username, String password) e:\src\GitRepo\kiln\OpenSource\KBVault-I\KBVault.Core\MVC\Authorization\KBVaultMembershipProvider.cs içinde: satýr 55
2014-05-27 14:30:47.4856 ERROR System.Data.MetadataException: Belirtilen meta veri kaynaðý yüklenemiyor.
   konum: System.Data.Metadata.Edm.MetadataArtifactLoaderCompositeResource.LoadResources(String assemblyName, String resourceName, ICollection`1 uriRegistry, MetadataArtifactAssemblyResolver resolver)
   konum: System.Data.Metadata.Edm.MetadataArtifactLoaderCompositeResource..ctor(String originalPath, String assemblyName, String resourceName, ICollection`1 uriRegistry, MetadataArtifactAssemblyResolver resolver)
   konum: System.Data.Metadata.Edm.MetadataArtifactLoaderCompositeResource.CreateResourceLoader(String path, ExtensionCheck extensionCheck, String validExtension, ICollection`1 uriRegistry, MetadataArtifactAssemblyResolver resolver)
   konum: System.Data.Metadata.Edm.MetadataArtifactLoader.Create(String path, ExtensionCheck extensionCheck, String validExtension, ICollection`1 uriRegistry, MetadataArtifactAssemblyResolver resolver)
   konum: System.Data.Metadata.Edm.MetadataCache.SplitPaths(String paths)
   konum: System.Data.Common.Utils.Memoizer`2.<>c__DisplayClass2.<Evaluate>b__0()
   konum: System.Data.Common.Utils.Memoizer`2.Result.GetValue()
   konum: System.Data.Common.Utils.Memoizer`2.Evaluate(TArg arg)
   konum: System.Data.EntityClient.EntityConnection.GetMetadataWorkspace(Boolean initializeAllCollections)
   konum: System.Data.Objects.ObjectContext.RetrieveMetadataWorkspaceFromConnection()
   konum: System.Data.Objects.ObjectContext..ctor(EntityConnection connection, Boolean isConnectionConstructor)
   konum: System.Data.Objects.ObjectContext..ctor(EntityConnection connection)
   konum: System.Data.Entity.Internal.InternalConnection.CreateObjectContextFromConnectionModel()
   konum: System.Data.Entity.Internal.LazyInternalConnection.CreateObjectContextFromConnectionModel()
   konum: System.Data.Entity.Internal.LazyInternalContext.InitializeContext()
   konum: System.Data.Entity.Internal.InternalContext.Initialize()
   konum: System.Data.Entity.Internal.InternalContext.GetEntitySetAndBaseTypeForType(Type entityType)
   konum: System.Data.Entity.Internal.Linq.InternalSet`1.Initialize()
   konum: System.Data.Entity.Internal.Linq.InternalSet`1.get_InternalContext()
   konum: System.Data.Entity.Infrastructure.DbQuery`1.System.Linq.IQueryable.get_Provider()
   konum: System.Linq.Queryable.FirstOrDefault[TSource](IQueryable`1 source, Expression`1 predicate)
   konum: KBVault.Core.MVC.Authorization.KbVaultAuthHelper.GetKbUser(String userName) e:\src\GitRepo\kiln\OpenSource\KBVault-I\KBVault.Core\MVC\Authorization\KbVaultAuthHelper.cs içinde: satýr 22
   konum: KBVault.Core.MVC.Authorization.KbVaultAuthHelper.ValidateUser(String userName, String password) e:\src\GitRepo\kiln\OpenSource\KBVault-I\KBVault.Core\MVC\Authorization\KbVaultAuthHelper.cs içinde: satýr 83
   konum: KBVault.Core.MVC.Authorization.KBVaultMembershipProvider.ValidateUser(String username, String password) e:\src\GitRepo\kiln\OpenSource\KBVault-I\KBVault.Core\MVC\Authorization\KBVaultMembershipProvider.cs içinde: satýr 60
   konum: KBVault.Web.Controllers.AccountController.Login(LoginViewModel model) e:\src\GitRepo\kiln\OpenSource\KBVault-I\KBVault.Web\Controllers\AccountController.cs içinde: satýr 42
2014-05-27 14:51:33.6292 ERROR System.Data.Entity.Validation.DbEntityValidationException: Validation failed for one or more entities. See 'EntityValidationErrors' property for more details.
   konum: System.Data.Entity.Internal.InternalContext.SaveChanges()
   konum: System.Data.Entity.Internal.LazyInternalContext.SaveChanges()
   konum: System.Data.Entity.DbContext.SaveChanges()
   konum: KBVault.Core.MVC.Authorization.KbVaultAuthHelper.CreateUser(String username, String password, String email) e:\src\GitRepo\kiln\OpenSource\KBVault-I\KBVault.Core\MVC\Authorization\KbVaultAuthHelper.cs içinde: satýr 38
